<?xml version="1.0" encoding="UTF-8" ?>
<testsuites>
  <testsuite errors="0" failures="1" id="0" name="AddressingTest" package="com.bea.sipservlet.tck.agents.spec" tests="1" time="5.563">
      <properties>
[...]
</properties>

      <testcase assertions="[SipServlet:SPEC:Addressing] - Tests ability to create addressing constrcuts: Address, URI, SipURI, TelURL.  Also tests that these behave like they&apos;re supposed to. A 200 is returned if everything OK, otherwise a 500 with a hopefully informative reason phrase." classname="com.bea.sipservlet.tck.agents.spec.AddressingTest" name="testAddressing" time="5.389">
          <failure message="Should have received OK expected:&lt;200&gt; but was:&lt;500&gt;" type="junit.framework.AssertionFailedError">junit.framework.AssertionFailedError: Should have received OK expected:&lt;200&gt; but was:&lt;500&gt;
	at com.bea.sipservlet.tck.agents.spec.AddressingTest.testAddressing(AddressingTest.java:96)
	at com.bea.wcp.ant.ext.junit.TestHandler.runTest(TestHandler.java:73)
	at com.bea.wcp.ant.ext.junit.TestHandler.run(TestHandler.java:58)
	at com.bea.wcp.ant.ext.junit.TestHandler.invoke(TestHandler.java:34)
	at $Proxy0.run(Unknown Source)
	at com.bea.wcp.ant.ext.junit.TestProxy.run(TestProxy.java:24)
	at com.bea.wcp.ant.ext.junit.TckJUnitTestRunner.run(TckJUnitTestRunner.java:272)
	at com.bea.wcp.ant.ext.junit.TckJUnitTestRunner.launch(TckJUnitTestRunner.java:647)
	at com.bea.wcp.ant.ext.junit.TckJUnitTestRunner.main(TckJUnitTestRunner.java:542)
</failure>

      </testcase>

      <system-out><![CDATA[[2013-01-13 19:02:57,837] AddressingTest:1008 INFO  - === testAddressing() ===
[2013-01-13 19:02:57,839] AddressingTest:43 DEBUG - ---   Step 1   ---
[2013-01-13 19:02:57,929] TestBase:351 DEBUG - === created message:MESSAGE sip:proxy-gen2xx@localhost:5060 SIP/2.0
Call-ID: 05be30db5e680020794102b24e8dd3a2@192.168.1.65
CSeq: 1 MESSAGE
From: "Alice" <sip:alice@192.168.1.65:5071>;tag=1665597844
To: "JSR289_TCK" <sip:JSR289_TCK@localhost:5060>
Via: SIP/2.0/UDP 192.168.1.65:5071;branch=somebranchvalue
Max-Forwards: 5
Content-Length: 0

 ===
[2013-01-13 19:02:57,969] AddressingTest:43 DEBUG - ---   Step 2   ---
]]></system-out>

      <system-err><![CDATA[]]></system-err>

  </testsuite>
  <testsuite errors="0" failures="1" id="1" name="AnnotationTest" package="com.bea.sipservlet.tck.agents.spec" tests="1" time="3.619">
      <properties>
[...]
</properties>

      <testcase assertions="[SipServlet:SPEC:Annotation1] - This case checks if @PostConstruct and DI of SipSessionsUtil work." classname="com.bea.sipservlet.tck.agents.spec.AnnotationTest" name="testAnnotation" time="3.445">
          <failure message="the reason gotten from Server:Fail to invoke the method annotated by @PostConstruct.  expected:&lt;200&gt; but was:&lt;500&gt;" type="junit.framework.AssertionFailedError">junit.framework.AssertionFailedError: the reason gotten from Server:Fail to invoke the method annotated by @PostConstruct.  expected:&lt;200&gt; but was:&lt;500&gt;
	at com.bea.sipservlet.tck.agents.spec.AnnotationTest.testAnnotation(AnnotationTest.java:59)
	at com.bea.wcp.ant.ext.junit.TestHandler.runTest(TestHandler.java:73)
	at com.bea.wcp.ant.ext.junit.TestHandler.run(TestHandler.java:58)
	at com.bea.wcp.ant.ext.junit.TestHandler.invoke(TestHandler.java:34)
	at $Proxy0.run(Unknown Source)
	at com.bea.wcp.ant.ext.junit.TestProxy.run(TestProxy.java:24)
	at com.bea.wcp.ant.ext.junit.TckJUnitTestRunner.run(TckJUnitTestRunner.java:272)
	at com.bea.wcp.ant.ext.junit.TckJUnitTestRunner.launch(TckJUnitTestRunner.java:647)
	at com.bea.wcp.ant.ext.junit.TckJUnitTestRunner.main(TckJUnitTestRunner.java:542)
</failure>

      </testcase>

      <system-out><![CDATA[[2013-01-13 19:03:04,109] AnnotationTest:1008 INFO  - === testAnnotation() ===
[2013-01-13 19:03:04,234] TestBase:351 DEBUG - === created message:MESSAGE sip:JSR289_TCK@localhost:5060 SIP/2.0
Call-ID: 083403037fcf42e7c07130e385ae885f@192.168.1.65
CSeq: 1 MESSAGE
From: "Alice" <sip:alice@192.168.1.65:5071>;tag=180736109
To: "JSR289_TCK" <sip:JSR289_TCK@localhost:5060>
Via: SIP/2.0/UDP 192.168.1.65:5071;branch=somebranchvalue
Max-Forwards: 5
Content-Length: 0

 ===
]]></system-out>

      <system-err><![CDATA[]]></system-err>

  </testsuite>
  <testsuite errors="0" failures="5" id="2" name="ApplicationRouterTest" package="com.bea.sipservlet.tck.agents.spec" tests="5" time="194.0">
      <properties>
[...]
</properties>

      <testcase assertions="[SipServlet:SPEC:AppRouter5] - Route Header: getRouteModifier() = ROUTE&#xa;* If the first returned route is internal then the container MUST make it available to the applications via the SipServletRequest.getPoppedRoute() method and ignore the remaining ones." classname="com.bea.sipservlet.tck.agents.spec.ApplicationRouterTest" name="testApplicationRouterCase5" time="53.534">
          <failure message="sipCall response/INVITE not received correctly - Timeout Occurred: The maximum amount of time to wait for a response message has elapsed." type="junit.framework.AssertionFailedError">junit.framework.AssertionFailedError: sipCall response/INVITE not received correctly - Timeout Occurred: The maximum amount of time to wait for a response message has elapsed.
	at org.cafesip.sipunit.SipTestCase.assertLastOperationSuccess(SipTestCase.java:241)
	at com.bea.sipservlet.tck.agents.spec.ApplicationRouterTest.applicationRouterCase(ApplicationRouterTest.java:165)
	at com.bea.sipservlet.tck.agents.spec.ApplicationRouterTest.testApplicationRouterCase5(ApplicationRouterTest.java:95)
	at com.bea.wcp.ant.ext.junit.TestHandler.runTest(TestHandler.java:73)
	at com.bea.wcp.ant.ext.junit.TestHandler.run(TestHandler.java:58)
	at com.bea.wcp.ant.ext.junit.TestHandler.invoke(TestHandler.java:34)
	at $Proxy0.run(Unknown Source)
	at com.bea.wcp.ant.ext.junit.TestProxy.run(TestProxy.java:24)
	at com.bea.wcp.ant.ext.junit.TckJUnitTestRunner.run(TckJUnitTestRunner.java:272)
	at com.bea.wcp.ant.ext.junit.TckJUnitTestRunner.launch(TckJUnitTestRunner.java:647)
	at com.bea.wcp.ant.ext.junit.TckJUnitTestRunner.main(TckJUnitTestRunner.java:542)
</failure>

      </testcase>

      <testcase assertions="[SipServlet:SPEC:AppRouter1] - Container shall keep route-info and region and then send back to router for each request, for directive is CONTINUE / REVERSE." classname="com.bea.sipservlet.tck.agents.spec.ApplicationRouterTest" name="testApplicationRouterCase1" time="35.055">
          <failure message="sipCall response/INVITE not received correctly - Timeout Occurred: A Timeout Event was received" type="junit.framework.AssertionFailedError">junit.framework.AssertionFailedError: sipCall response/INVITE not received correctly - Timeout Occurred: A Timeout Event was received
	at org.cafesip.sipunit.SipTestCase.assertLastOperationSuccess(SipTestCase.java:241)
	at com.bea.sipservlet.tck.agents.spec.ApplicationRouterTest.applicationRouterCase(ApplicationRouterTest.java:165)
	at com.bea.sipservlet.tck.agents.spec.ApplicationRouterTest.testApplicationRouterCase1(ApplicationRouterTest.java:36)
	at com.bea.wcp.ant.ext.junit.TestHandler.runTest(TestHandler.java:73)
	at com.bea.wcp.ant.ext.junit.TestHandler.run(TestHandler.java:58)
	at com.bea.wcp.ant.ext.junit.TestHandler.invoke(TestHandler.java:34)
	at $Proxy0.run(Unknown Source)
	at com.bea.wcp.ant.ext.junit.TestProxy.run(TestProxy.java:24)
	at com.bea.wcp.ant.ext.junit.TckJUnitTestRunner.run(TckJUnitTestRunner.java:272)
	at com.bea.wcp.ant.ext.junit.TckJUnitTestRunner.launch(TckJUnitTestRunner.java:647)
	at com.bea.wcp.ant.ext.junit.TckJUnitTestRunner.main(TckJUnitTestRunner.java:542)
</failure>

      </testcase>

      <testcase assertions="[SipServlet:SPEC:AppRouter4] - Subscriber Identity and Routing Region in application are accessiable and identical with application router returned value&#xa;SipSession.getSubscriberURI()&#xa;SipSesision.getRegion()" classname="com.bea.sipservlet.tck.agents.spec.ApplicationRouterTest" name="testApplicationRouterCase4" time="35.055">
          <failure message="sipCall response/INVITE not received correctly - Timeout Occurred: A Timeout Event was received" type="junit.framework.AssertionFailedError">junit.framework.AssertionFailedError: sipCall response/INVITE not received correctly - Timeout Occurred: A Timeout Event was received
	at org.cafesip.sipunit.SipTestCase.assertLastOperationSuccess(SipTestCase.java:241)
	at com.bea.sipservlet.tck.agents.spec.ApplicationRouterTest.applicationRouterCase(ApplicationRouterTest.java:165)
	at com.bea.sipservlet.tck.agents.spec.ApplicationRouterTest.testApplicationRouterCase4(ApplicationRouterTest.java:80)
	at com.bea.wcp.ant.ext.junit.TestHandler.runTest(TestHandler.java:73)
	at com.bea.wcp.ant.ext.junit.TestHandler.run(TestHandler.java:58)
	at com.bea.wcp.ant.ext.junit.TestHandler.invoke(TestHandler.java:34)
	at $Proxy0.run(Unknown Source)
	at com.bea.wcp.ant.ext.junit.TestProxy.run(TestProxy.java:24)
	at com.bea.wcp.ant.ext.junit.TckJUnitTestRunner.run(TckJUnitTestRunner.java:272)
	at com.bea.wcp.ant.ext.junit.TckJUnitTestRunner.launch(TckJUnitTestRunner.java:647)
	at com.bea.wcp.ant.ext.junit.TckJUnitTestRunner.main(TckJUnitTestRunner.java:542)
</failure>

      </testcase>

      <testcase assertions="[SipServlet:SPEC:AppRouter2] - AR shall be notified by a list of new deployed applications. &#xa;applicationDeployed() is called during AR initialize time. " classname="com.bea.sipservlet.tck.agents.spec.ApplicationRouterTest" name="testApplicationRouterCase2" time="35.061">
          <failure message="sipCall response/INVITE not received correctly - Timeout Occurred: A Timeout Event was received" type="junit.framework.AssertionFailedError">junit.framework.AssertionFailedError: sipCall response/INVITE not received correctly - Timeout Occurred: A Timeout Event was received
	at org.cafesip.sipunit.SipTestCase.assertLastOperationSuccess(SipTestCase.java:241)
	at com.bea.sipservlet.tck.agents.spec.ApplicationRouterTest.applicationRouterCase(ApplicationRouterTest.java:165)
	at com.bea.sipservlet.tck.agents.spec.ApplicationRouterTest.testApplicationRouterCase2(ApplicationRouterTest.java:50)
	at com.bea.wcp.ant.ext.junit.TestHandler.runTest(TestHandler.java:73)
	at com.bea.wcp.ant.ext.junit.TestHandler.run(TestHandler.java:58)
	at com.bea.wcp.ant.ext.junit.TestHandler.invoke(TestHandler.java:34)
	at $Proxy0.run(Unknown Source)
	at com.bea.wcp.ant.ext.junit.TestProxy.run(TestProxy.java:24)
	at com.bea.wcp.ant.ext.junit.TckJUnitTestRunner.run(TckJUnitTestRunner.java:272)
	at com.bea.wcp.ant.ext.junit.TckJUnitTestRunner.launch(TckJUnitTestRunner.java:647)
	at com.bea.wcp.ant.ext.junit.TckJUnitTestRunner.main(TckJUnitTestRunner.java:542)
</failure>

      </testcase>

      <testcase assertions="[SipServlet:SPEC:AppRouter3] - Application Selection process is aligned with JSR289 description&#xa;Directive: CONTINUE, REVERSE (Region shall be reversed), NEW." classname="com.bea.sipservlet.tck.agents.spec.ApplicationRouterTest" name="testApplicationRouterCase3" time="35.062">
          <failure message="sipCall response/INVITE not received correctly - Timeout Occurred: A Timeout Event was received" type="junit.framework.AssertionFailedError">junit.framework.AssertionFailedError: sipCall response/INVITE not received correctly - Timeout Occurred: A Timeout Event was received
	at org.cafesip.sipunit.SipTestCase.assertLastOperationSuccess(SipTestCase.java:241)
	at com.bea.sipservlet.tck.agents.spec.ApplicationRouterTest.applicationRouterCase(ApplicationRouterTest.java:165)
	at com.bea.sipservlet.tck.agents.spec.ApplicationRouterTest.testApplicationRouterCase3(ApplicationRouterTest.java:64)
	at com.bea.wcp.ant.ext.junit.TestHandler.runTest(TestHandler.java:73)
	at com.bea.wcp.ant.ext.junit.TestHandler.run(TestHandler.java:58)
	at com.bea.wcp.ant.ext.junit.TestHandler.invoke(TestHandler.java:34)
	at $Proxy0.run(Unknown Source)
	at com.bea.wcp.ant.ext.junit.TestProxy.run(TestProxy.java:24)
	at com.bea.wcp.ant.ext.junit.TckJUnitTestRunner.run(TckJUnitTestRunner.java:272)
	at com.bea.wcp.ant.ext.junit.TckJUnitTestRunner.launch(TckJUnitTestRunner.java:647)
	at com.bea.wcp.ant.ext.junit.TckJUnitTestRunner.main(TckJUnitTestRunner.java:542)
</failure>

      </testcase>

      <system-out><![CDATA[SIPUNIT TRACE:  1358103788895  INVITE after sending out through stack..........
SIPUNIT TRACE:  1358103788895  INVITE sip:sipservlet.spec.approuter.case05@localhost:5060 SIP/2.0
Call-ID: 0608760d1119769d4985e776aed1c1fc@192.168.1.65
CSeq: 1 INVITE
From: <sip:alice@192.168.1.65>;tag=1324514455
To: <sip:sipservlet.spec.approuter.case05@localhost:5060>
Via: SIP/2.0/UDP 192.168.1.65:5071;branch=z9hG4bKc75f5bba7e14b251b8db666012459645
Max-Forwards: 70
Contact: <sip:alice@192.168.1.65:5071;transport=udp;lr>
Route: <sip:localhost:5060;transport=udp;lr>,"JSR289-TCK" <sip:JSR289_TCK@localhost:5060;lr>
Content-Length: 0


SIPUNIT TRACE:  1358103788895  RouteHeader address: <sip:localhost:5060;transport=udp;lr>
SIPUNIT TRACE:  1358103788895  RouteHeader address: "JSR289-TCK" <sip:JSR289_TCK@localhost:5060;lr>
SIPUNIT TRACE:  1358103788922  Outgoing call response received: SIP/2.0 100 Trying
CSeq: 1 INVITE
To: <sip:sipservlet.spec.approuter.case05@localhost:5060>
Call-ID: 0608760d1119769d4985e776aed1c1fc@192.168.1.65
From: <sip:alice@192.168.1.65>;tag=1324514455
Via: SIP/2.0/UDP 192.168.1.65:5071;branch=z9hG4bKc75f5bba7e14b251b8db666012459645
Server: Elaina
Content-Length: 0


SIPUNIT TRACE:  1358103841941  INVITE after sending out through stack..........
SIPUNIT TRACE:  1358103841941  INVITE sip:sipservlet.spec.approuter.case01@localhost:5060 SIP/2.0
Call-ID: b7f0088b8b5100ce0b218c6361939677@192.168.1.65
CSeq: 1 INVITE
From: <sip:alice@192.168.1.65>;tag=132176115
To: <sip:sipservlet.spec.approuter.case01@localhost:5060>
Via: SIP/2.0/UDP 192.168.1.65:5071;branch=z9hG4bK4103997c7b02c4a2f8237afe3d9011a7
Max-Forwards: 70
Contact: <sip:alice@192.168.1.65:5071;transport=udp;lr>
Route: <sip:localhost:5060;transport=udp;lr>,"JSR289-TCK" <sip:JSR289_TCK@localhost:5060;lr>
Content-Length: 0


SIPUNIT TRACE:  1358103841941  RouteHeader address: <sip:localhost:5060;transport=udp;lr>
SIPUNIT TRACE:  1358103841941  RouteHeader address: "JSR289-TCK" <sip:JSR289_TCK@localhost:5060;lr>
SIPUNIT TRACE:  1358103876996  INVITE after sending out through stack..........
SIPUNIT TRACE:  1358103876996  INVITE sip:sipservlet.spec.approuter.case04@localhost:5060 SIP/2.0
Call-ID: b990e4f952942741497339ce1429a04b@192.168.1.65
CSeq: 1 INVITE
From: <sip:alice@192.168.1.65>;tag=836958301
To: <sip:sipservlet.spec.approuter.case04@localhost:5060>
Via: SIP/2.0/UDP 192.168.1.65:5071;branch=z9hG4bK1f1f5e23ac82204c2a91b43ee78bb465
Max-Forwards: 70
Contact: <sip:alice@192.168.1.65:5071;transport=udp;lr>
Route: <sip:localhost:5060;transport=udp;lr>,"JSR289-TCK" <sip:JSR289_TCK@localhost:5060;lr>
Content-Length: 0


SIPUNIT TRACE:  1358103876996  RouteHeader address: <sip:localhost:5060;transport=udp;lr>
SIPUNIT TRACE:  1358103876996  RouteHeader address: "JSR289-TCK" <sip:JSR289_TCK@localhost:5060;lr>
SIPUNIT TRACE:  1358103912050  INVITE after sending out through stack..........
SIPUNIT TRACE:  1358103912050  INVITE sip:sipservlet.spec.approuter.case02@localhost:5060 SIP/2.0
Call-ID: 9103c5845ac608e2e7d3123a7596cadc@192.168.1.65
CSeq: 1 INVITE
From: <sip:alice@192.168.1.65>;tag=1886081256
To: <sip:sipservlet.spec.approuter.case02@localhost:5060>
Via: SIP/2.0/UDP 192.168.1.65:5071;branch=z9hG4bK019e3c8e0e1505dad9d4344b6fe662e2
Max-Forwards: 70
Contact: <sip:alice@192.168.1.65:5071;transport=udp;lr>
Route: <sip:localhost:5060;transport=udp;lr>,"JSR289-TCK" <sip:JSR289_TCK@localhost:5060;lr>
Content-Length: 0


SIPUNIT TRACE:  1358103912050  RouteHeader address: <sip:localhost:5060;transport=udp;lr>
SIPUNIT TRACE:  1358103912050  RouteHeader address: "JSR289-TCK" <sip:JSR289_TCK@localhost:5060;lr>
SIPUNIT TRACE:  1358103947115  INVITE after sending out through stack..........
SIPUNIT TRACE:  1358103947115  INVITE sip:sipservlet.spec.approuter.case03@localhost:5060 SIP/2.0
Call-ID: 7885e58cf25637ef395fc5257137c32d@192.168.1.65
CSeq: 1 INVITE
From: <sip:alice@192.168.1.65>;tag=152019174
To: <sip:sipservlet.spec.approuter.case03@localhost:5060>
Via: SIP/2.0/UDP 192.168.1.65:5071;branch=z9hG4bKfc98df06ed5ad2967ddec4300c2cd259
Max-Forwards: 70
Contact: <sip:alice@192.168.1.65:5071;transport=udp;lr>
Route: <sip:localhost:5060;transport=udp;lr>,"JSR289-TCK" <sip:JSR289_TCK@localhost:5060;lr>
Content-Length: 0


SIPUNIT TRACE:  1358103947115  RouteHeader address: <sip:localhost:5060;transport=udp;lr>
SIPUNIT TRACE:  1358103947115  RouteHeader address: "JSR289-TCK" <sip:JSR289_TCK@localhost:5060;lr>
]]></system-out>

      <system-err><![CDATA[]]></system-err>

  </testsuite>
  <testsuite errors="0" failures="1" id="3" name="AuthOfAppInitReqTest" package="com.bea.sipservlet.tck.agents.spec" tests="1" time="23.556">
      <properties>
[...]
</properties>

      <testcase assertions="[SipServlet:SPEC:AuthOfAppInitReq1] - Challenge(401) to Register message." classname="com.bea.sipservlet.tck.agents.spec.AuthOfAppInitReqTest" name="testAuthOfAppInitReq1" time="23.387">
          <failure message="UA2 wait for REGISTER - Timeout Occurred: The maximum amount of time to wait for a request message has elapsed." type="junit.framework.AssertionFailedError">junit.framework.AssertionFailedError: UA2 wait for REGISTER - Timeout Occurred: The maximum amount of time to wait for a request message has elapsed.
	at org.cafesip.sipunit.SipTestCase.assertLastOperationSuccess(SipTestCase.java:241)
	at com.bea.sipservlet.tck.agents.spec.AuthOfAppInitReqTest.testAuthOfAppInitReq1(AuthOfAppInitReqTest.java:97)
	at com.bea.wcp.ant.ext.junit.TestHandler.runTest(TestHandler.java:73)
	at com.bea.wcp.ant.ext.junit.TestHandler.run(TestHandler.java:58)
	at com.bea.wcp.ant.ext.junit.TestHandler.invoke(TestHandler.java:34)
	at $Proxy0.run(Unknown Source)
	at com.bea.wcp.ant.ext.junit.TestProxy.run(TestProxy.java:24)
	at com.bea.wcp.ant.ext.junit.TckJUnitTestRunner.run(TckJUnitTestRunner.java:272)
	at com.bea.wcp.ant.ext.junit.TckJUnitTestRunner.launch(TckJUnitTestRunner.java:647)
	at com.bea.wcp.ant.ext.junit.TckJUnitTestRunner.main(TckJUnitTestRunner.java:542)
</failure>

      </testcase>

      <system-out><![CDATA[[2013-01-13 19:06:23,280] AuthOfAppInitReqTest:1008 INFO  - === testAuthOfAppInitReq1() ===
[2013-01-13 19:06:23,392] TestBase:351 DEBUG - === created message:MESSAGE sip:JSR289_TCK@localhost:5060 SIP/2.0
Call-ID: 5119009d2ba43c1951e5676bf70c29c0@192.168.1.65
CSeq: 1 MESSAGE
From: "Alice" <sip:alice@192.168.1.65:5071>;tag=1030293877
To: "JSR289_TCK" <sip:JSR289_TCK@localhost:5060>
Via: SIP/2.0/UDP 192.168.1.65:5071;branch=somebranchvalue
Max-Forwards: 5
Content-Length: 0

 ===
[2013-01-13 19:06:23,435] TestBase:979 DEBUG - ---The Sip request is:MESSAGE sip:JSR289_TCK@localhost:5060 SIP/2.0
Call-ID: 5119009d2ba43c1951e5676bf70c29c0@192.168.1.65
CSeq: 1 MESSAGE
From: "Alice" <sip:alice@192.168.1.65:5071>;tag=1030293877
To: "JSR289_TCK" <sip:JSR289_TCK@localhost:5060>
Via: SIP/2.0/UDP 192.168.1.65:5071;branch=z9hG4bK7d89869b8e734c0bfa6d8f6e040a0cbe
Max-Forwards: 5
Route: "JSR289_TCK" <sip:JSR289_TCK@localhost:5060;lr>,<sip:localhost:5060;transport=udp;lr>
Application-Name: com.bea.sipservlet.tck.apps.spectestapp.uac
Servlet-Name: AuthOfAppInitReq
private-uri: sip:bob@192.168.1.65:5072
Content-Length: 0

 ---
[2013-01-13 19:06:33,432] AuthOfAppInitReqTest:92 WARN  - *** No 200/Message received ***
SIPUNIT TRACE:  1358103993433  SS.waitRequest() - about to block, waiting
SIPUNIT TRACE:  1358104003430  SS.waitRequest() - we've come out of the block
SIPUNIT TRACE:  1358104003430  SS.waitRequest() - either we got the request, or timed out
]]></system-out>

      <system-err><![CDATA[]]></system-err>

  </testsuite>
  <testsuite errors="0" failures="1" id="4" name="B2buaHelperTest" package="com.bea.sipservlet.tck.agents.spec" tests="1" time="13.581">
      <properties>
[...]
</properties>

      <testcase assertions="[SipServlet:SPEC:B2buaHelper1] - Make a simple call by B2buaHelper and send INFO messages in dialog." classname="com.bea.sipservlet.tck.agents.spec.B2buaHelperTest" name="testB2buaHelper" time="13.414">
          <failure message="UA2 wait for incoming call - Timeout Occurred: The maximum amount of time to wait for a request message has elapsed." type="junit.framework.AssertionFailedError">junit.framework.AssertionFailedError: UA2 wait for incoming call - Timeout Occurred: The maximum amount of time to wait for a request message has elapsed.
	at org.cafesip.sipunit.SipTestCase.assertLastOperationSuccess(SipTestCase.java:241)
	at com.bea.sipservlet.tck.agents.spec.B2buaHelperTest.testB2buaHelper(B2buaHelperTest.java:118)
	at com.bea.wcp.ant.ext.junit.TestHandler.runTest(TestHandler.java:73)
	at com.bea.wcp.ant.ext.junit.TestHandler.run(TestHandler.java:58)
	at com.bea.wcp.ant.ext.junit.TestHandler.invoke(TestHandler.java:34)
	at $Proxy0.run(Unknown Source)
	at com.bea.wcp.ant.ext.junit.TestProxy.run(TestProxy.java:24)
	at com.bea.wcp.ant.ext.junit.TckJUnitTestRunner.run(TckJUnitTestRunner.java:272)
	at com.bea.wcp.ant.ext.junit.TckJUnitTestRunner.launch(TckJUnitTestRunner.java:647)
	at com.bea.wcp.ant.ext.junit.TckJUnitTestRunner.main(TckJUnitTestRunner.java:542)
</failure>

      </testcase>

      <system-out><![CDATA[[2013-01-13 19:06:47,532] B2buaHelperTest:1008 INFO  - === testB2buaHelper() ===
SIPUNIT TRACE:  1358104007716  INVITE after sending out through stack..........
SIPUNIT TRACE:  1358104007716  INVITE sip:JSR289_TCK@localhost:5060 SIP/2.0
Call-ID: 3eddb5168bff13f6156dd74df24ef2a1@192.168.1.65
CSeq: 1 INVITE
From: <sip:alice@192.168.1.65>;tag=1956975213
To: <sip:JSR289_TCK@localhost:5060>
Via: SIP/2.0/UDP 192.168.1.65:5071;branch=z9hG4bK846de36bcc85a8a0b28831838cc37c42
Max-Forwards: 70
Contact: <sip:alice@192.168.1.65:5071;transport=udp;lr>
Route: <sip:localhost:5060;transport=udp;lr>
Servlet-Name: B2buaHelper
Application-Name: com.bea.sipservlet.tck.apps.spectestapp.b2bua
private-uri: sip:bob@192.168.1.65:5072
Content-Length: 0


SIPUNIT TRACE:  1358104007716  RouteHeader address: <sip:localhost:5060;transport=udp;lr>
SIPUNIT TRACE:  1358104007716  SS.waitRequest() - about to block, waiting
SIPUNIT TRACE:  1358104017712  SS.waitRequest() - we've come out of the block
SIPUNIT TRACE:  1358104017712  SS.waitRequest() - either we got the request, or timed out
]]></system-out>

      <system-err><![CDATA[]]></system-err>

  </testsuite>
  <testsuite errors="0" failures="2" id="5" name="B2buaTest" package="com.bea.sipservlet.tck.agents.spec" tests="2" time="26.605">
      <properties>
[...]
</properties>

      <testcase assertions="[SipServlet:SPEC:B2bua1] - Application acts as B2BUA for an INVITE request. The request is rejected with a 404 and no subsequent request is sent." classname="com.bea.sipservlet.tck.agents.spec.B2buaTest" name="testB2bua1" time="13.422">
          <failure message="UA2 wait for incoming call - Timeout Occurred: The maximum amount of time to wait for a request message has elapsed." type="junit.framework.AssertionFailedError">junit.framework.AssertionFailedError: UA2 wait for incoming call - Timeout Occurred: The maximum amount of time to wait for a request message has elapsed.
	at org.cafesip.sipunit.SipTestCase.assertLastOperationSuccess(SipTestCase.java:241)
	at com.bea.sipservlet.tck.agents.spec.B2buaTest.testB2bua1(B2buaTest.java:81)
	at com.bea.wcp.ant.ext.junit.TestHandler.runTest(TestHandler.java:73)
	at com.bea.wcp.ant.ext.junit.TestHandler.run(TestHandler.java:58)
	at com.bea.wcp.ant.ext.junit.TestHandler.invoke(TestHandler.java:34)
	at $Proxy0.run(Unknown Source)
	at com.bea.wcp.ant.ext.junit.TestProxy.run(TestProxy.java:24)
	at com.bea.wcp.ant.ext.junit.TckJUnitTestRunner.run(TckJUnitTestRunner.java:272)
	at com.bea.wcp.ant.ext.junit.TckJUnitTestRunner.launch(TckJUnitTestRunner.java:647)
	at com.bea.wcp.ant.ext.junit.TckJUnitTestRunner.main(TckJUnitTestRunner.java:542)
</failure>

      </testcase>

      <testcase assertions="[SipServlet:SPEC:B2bua2] - Application acts as b2bua for INVITE. Dialog is established and callee sends BYE." classname="com.bea.sipservlet.tck.agents.spec.B2buaTest" name="testB2bua2" time="13.015">
          <failure message="UA2 wait for incoming call - Timeout Occurred: The maximum amount of time to wait for a request message has elapsed." type="junit.framework.AssertionFailedError">junit.framework.AssertionFailedError: UA2 wait for incoming call - Timeout Occurred: The maximum amount of time to wait for a request message has elapsed.
	at org.cafesip.sipunit.SipTestCase.assertLastOperationSuccess(SipTestCase.java:241)
	at com.bea.sipservlet.tck.agents.spec.B2buaTest.testB2bua2(B2buaTest.java:147)
	at com.bea.wcp.ant.ext.junit.TestHandler.runTest(TestHandler.java:73)
	at com.bea.wcp.ant.ext.junit.TestHandler.run(TestHandler.java:58)
	at com.bea.wcp.ant.ext.junit.TestHandler.invoke(TestHandler.java:34)
	at $Proxy0.run(Unknown Source)
	at com.bea.wcp.ant.ext.junit.TestProxy.run(TestProxy.java:24)
	at com.bea.wcp.ant.ext.junit.TckJUnitTestRunner.run(TckJUnitTestRunner.java:272)
	at com.bea.wcp.ant.ext.junit.TckJUnitTestRunner.launch(TckJUnitTestRunner.java:647)
	at com.bea.wcp.ant.ext.junit.TckJUnitTestRunner.main(TckJUnitTestRunner.java:542)
</failure>

      </testcase>

      <system-out><![CDATA[[2013-01-13 19:07:01,829] B2buaTest:1008 INFO  - === testB2bua1() ===
SIPUNIT TRACE:  1358104022017  INVITE after sending out through stack..........
SIPUNIT TRACE:  1358104022017  INVITE sip:JSR289_TCK@localhost:5060 SIP/2.0
Call-ID: 5481948fac42f7e3f46ddd082a6a2e90@192.168.1.65
CSeq: 1 INVITE
From: <sip:alice@192.168.1.65>;tag=1993441501
To: <sip:JSR289_TCK@localhost:5060>
Via: SIP/2.0/UDP 192.168.1.65:5071;branch=z9hG4bKb5631b1ec5958c15edcb8a86ac76e2be
Max-Forwards: 70
Contact: <sip:alice@192.168.1.65:5071;transport=udp;lr>
Route: <sip:localhost:5060;transport=udp;lr>
Servlet-Name: B2bua
Application-Name: com.bea.sipservlet.tck.apps.spectestapp.b2bua
private-uri: sip:bob@192.168.1.65:5072
Content-Length: 0


SIPUNIT TRACE:  1358104022017  RouteHeader address: <sip:localhost:5060;transport=udp;lr>
SIPUNIT TRACE:  1358104022017  SS.waitRequest() - about to block, waiting
SIPUNIT TRACE:  1358104032013  SS.waitRequest() - we've come out of the block
SIPUNIT TRACE:  1358104032013  SS.waitRequest() - either we got the request, or timed out
[2013-01-13 19:07:15,033] B2buaTest:1008 INFO  - === testB2bua2() ===
SIPUNIT TRACE:  1358104035040  INVITE after sending out through stack..........
SIPUNIT TRACE:  1358104035040  INVITE sip:JSR289_TCK@localhost:5060 SIP/2.0
Call-ID: 91aae5182e31cb8ff8a714ddb10749e9@192.168.1.65
CSeq: 1 INVITE
From: <sip:alice@192.168.1.65>;tag=57775377
To: <sip:JSR289_TCK@localhost:5060>
Via: SIP/2.0/UDP 192.168.1.65:5071;branch=z9hG4bKf465233125e1e475c32d8e9ef277c6cf
Max-Forwards: 70
Contact: <sip:alice@192.168.1.65:5071;transport=udp;lr>
Route: <sip:localhost:5060;lr;transport=udp>
Servlet-Name: B2bua
Application-Name: com.bea.sipservlet.tck.apps.spectestapp.b2bua
private-uri: sip:bob@192.168.1.65:5072
Content-Length: 0


SIPUNIT TRACE:  1358104035040  RouteHeader address: <sip:localhost:5060;lr;transport=udp>
SIPUNIT TRACE:  1358104035040  SS.waitRequest() - about to block, waiting
SIPUNIT TRACE:  1358104045037  SS.waitRequest() - we've come out of the block
SIPUNIT TRACE:  1358104045037  SS.waitRequest() - either we got the request, or timed out
]]></system-out>

      <system-err><![CDATA[]]></system-err>

  </testsuite>
  <testsuite errors="0" failures="2" id="6" name="CommittedStateTest" package="com.bea.sipservlet.tck.agents.spec" tests="2" time="26.765">
      <properties>
[...]
</properties>

      <testcase assertions="[SipServlet:SPEC:Committed1] - To test the committed state of SipServletMessage under Proxy mode" classname="com.bea.sipservlet.tck.agents.spec.CommittedStateTest" name="testCommittedStateUnderProxy" time="13.557">
          <failure message="UA1 initiate call - Timeout Occurred: The maximum amount of time to wait for a request message has elapsed." type="junit.framework.AssertionFailedError">junit.framework.AssertionFailedError: UA1 initiate call - Timeout Occurred: The maximum amount of time to wait for a request message has elapsed.
	at org.cafesip.sipunit.SipTestCase.assertLastOperationSuccess(SipTestCase.java:241)
	at com.bea.sipservlet.tck.agents.spec.CommittedStateTest.testCommittedStateUnderProxy(CommittedStateTest.java:149)
	at com.bea.wcp.ant.ext.junit.TestHandler.runTest(TestHandler.java:73)
	at com.bea.wcp.ant.ext.junit.TestHandler.run(TestHandler.java:58)
	at com.bea.wcp.ant.ext.junit.TestHandler.invoke(TestHandler.java:34)
	at $Proxy0.run(Unknown Source)
	at com.bea.wcp.ant.ext.junit.TestProxy.run(TestProxy.java:24)
	at com.bea.wcp.ant.ext.junit.TckJUnitTestRunner.run(TckJUnitTestRunner.java:272)
	at com.bea.wcp.ant.ext.junit.TckJUnitTestRunner.launch(TckJUnitTestRunner.java:647)
	at com.bea.wcp.ant.ext.junit.TckJUnitTestRunner.main(TckJUnitTestRunner.java:542)
</failure>

      </testcase>

      <testcase assertions="[SipServlet:SPEC:Committed1] - To test the committed state of SipServletMessage under B2BUA mode" classname="com.bea.sipservlet.tck.agents.spec.CommittedStateTest" name="testCommittedStateUnderB2bua" time="13.015">
          <failure type="junit.framework.AssertionFailedError">junit.framework.AssertionFailedError
	at com.bea.sipservlet.tck.agents.TestBase.waitIncomingResponse(TestBase.java:493)
	at com.bea.sipservlet.tck.agents.TestBase.waitResponseForMessage(TestBase.java:995)
	at com.bea.sipservlet.tck.agents.TestBase.assertSipMessage(TestBase.java:671)
	at com.bea.sipservlet.tck.agents.spec.CommittedStateTest.testCommittedStateUnderB2bua(CommittedStateTest.java:73)
	at com.bea.wcp.ant.ext.junit.TestHandler.runTest(TestHandler.java:73)
	at com.bea.wcp.ant.ext.junit.TestHandler.run(TestHandler.java:58)
	at com.bea.wcp.ant.ext.junit.TestHandler.invoke(TestHandler.java:34)
	at $Proxy0.run(Unknown Source)
	at com.bea.wcp.ant.ext.junit.TestProxy.run(TestProxy.java:24)
	at com.bea.wcp.ant.ext.junit.TckJUnitTestRunner.run(TckJUnitTestRunner.java:272)
	at com.bea.wcp.ant.ext.junit.TckJUnitTestRunner.launch(TckJUnitTestRunner.java:647)
	at com.bea.wcp.ant.ext.junit.TckJUnitTestRunner.main(TckJUnitTestRunner.java:542)
</failure>

      </testcase>

      <system-out><![CDATA[SIPUNIT TRACE:  1358104049560  INVITE after sending out through stack..........
SIPUNIT TRACE:  1358104049560  INVITE sip:JSR289_TCK@localhost:5060 SIP/2.0
Call-ID: fc9c860f84bea24f808dd089cda680ad@192.168.1.65
CSeq: 1 INVITE
From: <sip:alice@192.168.1.65>;tag=1277255557
To: <sip:JSR289_TCK@localhost:5060>
Via: SIP/2.0/UDP 192.168.1.65:5071;branch=z9hG4bKeebecbacd9b97c38428eb20b5313165c
Max-Forwards: 70
Contact: <sip:alice@192.168.1.65:5071;transport=udp;lr>
Route: <sip:localhost:5060;transport=udp;lr>,<sip:bob@192.168.1.65:5072>
Servlet-Name: CommittedStateUnderProxy
Application-Name: com.bea.sipservlet.tck.apps.spectestapp.proxy
Content-Length: 0


SIPUNIT TRACE:  1358104049560  RouteHeader address: <sip:localhost:5060;transport=udp;lr>
SIPUNIT TRACE:  1358104049560  RouteHeader address: sip:bob@192.168.1.65:5072
SIPUNIT TRACE:  1358104049561  SS.waitRequest() - about to block, waiting
SIPUNIT TRACE:  1358104059557  SS.waitRequest() - we've come out of the block
SIPUNIT TRACE:  1358104059557  SS.waitRequest() - either we got the request, or timed out
[2013-01-13 19:07:42,577] CommittedStateTest:1008 INFO  - === testCommittedStateUnderB2bua() ===
[2013-01-13 19:07:42,580] TestBase:351 DEBUG - === created message:MESSAGE sip:JSR289_TCK@localhost:5060 SIP/2.0
Call-ID: 708328103c3113d2cb1bebcc8604d14a@192.168.1.65
CSeq: 1 MESSAGE
From: "Alice" <sip:alice@192.168.1.65:5071>;tag=677206827
To: "JSR289_TCK" <sip:JSR289_TCK@localhost:5060>
Via: SIP/2.0/UDP 192.168.1.65:5071;branch=somebranchvalue
Max-Forwards: 5
Content-Length: 0

 ===
[2013-01-13 19:07:42,584] TestBase:979 DEBUG - ---The Sip request is:MESSAGE sip:JSR289_TCK@localhost:5060 SIP/2.0
Call-ID: 708328103c3113d2cb1bebcc8604d14a@192.168.1.65
CSeq: 1 MESSAGE
From: "Alice" <sip:alice@192.168.1.65:5071>;tag=677206827
To: "JSR289_TCK" <sip:JSR289_TCK@localhost:5060>
Via: SIP/2.0/UDP 192.168.1.65:5071;branch=z9hG4bKc4b7a368cf4c4109ac5b1dd714a0bf91
Max-Forwards: 5
Route: "JSR289_TCK" <sip:JSR289_TCK@localhost:5060;lr>,<sip:localhost:5060;transport=udp;lr>
Application-Name: com.bea.sipservlet.tck.apps.spectestapp.b2bua
Servlet-Name: CommittedStateUnderB2bua
Call-Info: <sip:bob@192.168.1.65:5072>
TCK: sip:bob@192.168.1.65:5072
Content-Length: 0

 ---
]]></system-out>

      <system-err><![CDATA[]]></system-err>

  </testsuite>
  <testsuite errors="0" failures="1" id="7" name="ContactHeaderTest" package="com.bea.sipservlet.tck.agents.spec" tests="1" time="13.603">
      <properties>
[...]
</properties>

      <testcase assertions="" classname="com.bea.sipservlet.tck.agents.spec.ContactHeaderTest" name="testContactheader" time="13.431">
          <failure type="junit.framework.AssertionFailedError">junit.framework.AssertionFailedError
	at com.bea.sipservlet.tck.agents.spec.ContactHeaderTest.checkRegister200(ContactHeaderTest.java:174)
	at com.bea.sipservlet.tck.agents.spec.ContactHeaderTest.testContactheader(ContactHeaderTest.java:76)
	at com.bea.wcp.ant.ext.junit.TestHandler.runTest(TestHandler.java:73)
	at com.bea.wcp.ant.ext.junit.TestHandler.run(TestHandler.java:58)
	at com.bea.wcp.ant.ext.junit.TestHandler.invoke(TestHandler.java:34)
	at $Proxy0.run(Unknown Source)
	at com.bea.wcp.ant.ext.junit.TestProxy.run(TestProxy.java:24)
	at com.bea.wcp.ant.ext.junit.TckJUnitTestRunner.run(TckJUnitTestRunner.java:272)
	at com.bea.wcp.ant.ext.junit.TckJUnitTestRunner.launch(TckJUnitTestRunner.java:647)
	at com.bea.wcp.ant.ext.junit.TckJUnitTestRunner.main(TckJUnitTestRunner.java:542)
</failure>

      </testcase>

      <system-out><![CDATA[[2013-01-13 19:07:56,700] ContactHeaderTest:67 DEBUG - expectedContactHeaders[0] = <sip:tck@sipservlet.com>;expires=3600;
[2013-01-13 19:07:56,701] ContactHeaderTest:68 DEBUG - expectedContactHeaders[1] = <sip:alice@192.168.1.65:5071;lr;transport=udp>
[2013-01-13 19:07:56,702] ContactHeaderTest:70 DEBUG - expectedContactHeaderAddresses[0] = <sip:tck@sipservlet.com>
[2013-01-13 19:07:56,702] ContactHeaderTest:71 DEBUG - expectedContactHeaderAddresses[1] = <sip:alice@192.168.1.65:5071;transport=udp;lr>
[2013-01-13 19:07:56,703] ContactHeaderTest:1008 INFO  - === testContactheader() ===
[2013-01-13 19:07:56,850] TestBase:351 DEBUG - === created message:REGISTER sip:localhost SIP/2.0
Call-ID: 49bf5580b1f4bd693f39417fcae1d04e@192.168.1.65
CSeq: 1 REGISTER
From: "Alice" <sip:alice@192.168.1.65:5071>;tag=461576525
To: "Alice" <sip:alice@192.168.1.65:5071>
Via: SIP/2.0/UDP 192.168.1.65:5071;branch=somebranchvalue
Max-Forwards: 5
Content-Length: 0

 ===
[2013-01-13 19:07:56,902] ContactHeaderTest:169 DEBUG - ---UA1 send REGISTER req is:REGISTER sip:localhost SIP/2.0
Call-ID: 49bf5580b1f4bd693f39417fcae1d04e@192.168.1.65
CSeq: 1 REGISTER
From: "Alice" <sip:alice@192.168.1.65:5071>;tag=461576525
To: "Alice" <sip:alice@192.168.1.65:5071>
Via: SIP/2.0/UDP 192.168.1.65:5071;branch=z9hG4bKcdfb7640f4c4936c1c8f605a7e2aedd6
Max-Forwards: 5
Contact: <sip:alice@192.168.1.65:5071;lr;transport=udp>
Expires: 7200
Route: "JSR289_TCK" <sip:JSR289_TCK@localhost:5060;lr>,<sip:localhost:5060;transport=udp;lr>
Application-Name: com.bea.sipservlet.tck.apps.spectestapp.uas
Servlet-Name: ContactHeader
Content-Length: 0

---
]]></system-out>

      <system-err><![CDATA[]]></system-err>

  </testsuite>
  <testsuite errors="0" failures="1" id="8" name="ContextTest" package="com.bea.sipservlet.tck.agents.spec" tests="1" time="13.581">
      <properties>
[...]
</properties>

      <testcase assertions="[SipServlet:SPEC:Context1] - Tests a number of ServletContext methods, including ability to retrieve content and servlet parameters. Other tests ensure the servlet context includes SipFactory and TimerService." classname="com.bea.sipservlet.tck.agents.spec.ContextTest" name="testContext1" time="13.41">
          <failure type="junit.framework.AssertionFailedError">junit.framework.AssertionFailedError
	at com.bea.sipservlet.tck.agents.TestBase.waitIncomingResponse(TestBase.java:493)
	at com.bea.sipservlet.tck.agents.TestBase.waitResponseForMessage(TestBase.java:995)
	at com.bea.sipservlet.tck.agents.spec.ContextTest.testContext1(ContextTest.java:56)
	at com.bea.wcp.ant.ext.junit.TestHandler.runTest(TestHandler.java:73)
	at com.bea.wcp.ant.ext.junit.TestHandler.run(TestHandler.java:58)
	at com.bea.wcp.ant.ext.junit.TestHandler.invoke(TestHandler.java:34)
	at $Proxy0.run(Unknown Source)
	at com.bea.wcp.ant.ext.junit.TestProxy.run(TestProxy.java:24)
	at com.bea.wcp.ant.ext.junit.TckJUnitTestRunner.run(TckJUnitTestRunner.java:272)
	at com.bea.wcp.ant.ext.junit.TckJUnitTestRunner.launch(TckJUnitTestRunner.java:647)
	at com.bea.wcp.ant.ext.junit.TckJUnitTestRunner.main(TckJUnitTestRunner.java:542)
</failure>

      </testcase>

      <system-out><![CDATA[[2013-01-13 19:08:11,020] ContextTest:1008 INFO  - === testContext1() ===
[2013-01-13 19:08:11,143] TestBase:351 DEBUG - === created message:OPTIONS sip:JSR289_TCK@localhost:5060 SIP/2.0
Call-ID: 7d4026999b3ae6e3644f0419f2b6696f@192.168.1.65
CSeq: 1 OPTIONS
From: "Alice" <sip:alice@192.168.1.65:5071>;tag=1376159868
To: "JSR289_TCK" <sip:JSR289_TCK@localhost:5060>
Via: SIP/2.0/UDP 192.168.1.65:5071;branch=somebranchvalue
Max-Forwards: 5
Content-Length: 0

 ===
]]></system-out>

      <system-err><![CDATA[]]></system-err>

  </testsuite>
  <testsuite errors="0" failures="2" id="9" name="I18NTest" package="com.bea.sipservlet.tck.agents.spec" tests="2" time="30.614">
      <properties>
[...]
</properties>

      <testcase assertions="[SipServlet:SPEC:I18N1] - Non-200 final response should be received if the original request does not contain proper message body" classname="com.bea.sipservlet.tck.agents.spec.I18NTest" name="testI18N1" time="15.434">
          <failure type="junit.framework.AssertionFailedError">junit.framework.AssertionFailedError
	at com.bea.sipservlet.tck.agents.spec.I18NTest.testI18N1(I18NTest.java:78)
	at com.bea.wcp.ant.ext.junit.TestHandler.runTest(TestHandler.java:73)
	at com.bea.wcp.ant.ext.junit.TestHandler.run(TestHandler.java:58)
	at com.bea.wcp.ant.ext.junit.TestHandler.invoke(TestHandler.java:34)
	at $Proxy0.run(Unknown Source)
	at com.bea.wcp.ant.ext.junit.TestProxy.run(TestProxy.java:24)
	at com.bea.wcp.ant.ext.junit.TckJUnitTestRunner.run(TckJUnitTestRunner.java:272)
	at com.bea.wcp.ant.ext.junit.TckJUnitTestRunner.launch(TckJUnitTestRunner.java:647)
	at com.bea.wcp.ant.ext.junit.TckJUnitTestRunner.main(TckJUnitTestRunner.java:542)
</failure>

      </testcase>

      <testcase assertions="[SipServlet:SPEC:I18N2] - Non-200 final response should be received if the original request does not contain proper message body" classname="com.bea.sipservlet.tck.agents.spec.I18NTest" name="testI18N2" time="15.012">
          <failure message="did not recieve response from server side" type="junit.framework.AssertionFailedError">junit.framework.AssertionFailedError: did not recieve response from server side
	at com.bea.sipservlet.tck.agents.spec.I18NTest.testI18N2(I18NTest.java:146)
	at com.bea.wcp.ant.ext.junit.TestHandler.runTest(TestHandler.java:73)
	at com.bea.wcp.ant.ext.junit.TestHandler.run(TestHandler.java:58)
	at com.bea.wcp.ant.ext.junit.TestHandler.invoke(TestHandler.java:34)
	at $Proxy0.run(Unknown Source)
	at com.bea.wcp.ant.ext.junit.TestProxy.run(TestProxy.java:24)
	at com.bea.wcp.ant.ext.junit.TckJUnitTestRunner.run(TckJUnitTestRunner.java:272)
	at com.bea.wcp.ant.ext.junit.TckJUnitTestRunner.launch(TckJUnitTestRunner.java:647)
	at com.bea.wcp.ant.ext.junit.TckJUnitTestRunner.main(TckJUnitTestRunner.java:542)
</failure>

      </testcase>

      <system-out><![CDATA[[2013-01-13 19:08:25,335] I18NTest:1008 INFO  - === testI18N1() ===
[2013-01-13 19:08:25,480] TestBase:351 DEBUG - === created message:MESSAGE sip:I18N-1@localhost:5060 SIP/2.0
Call-ID: 6b915fc8ece66d39132e562ed38a0700@192.168.1.65
CSeq: 1 MESSAGE
From: "Alice" <sip:alice@192.168.1.65:5071>;tag=736247907
To: "JSR289_TCK" <sip:JSR289_TCK@localhost:5060>
Via: SIP/2.0/UDP 192.168.1.65:5071;branch=somebranchvalue
Max-Forwards: 5
Content-Length: 0

 ===
[2013-01-13 19:08:40,553] I18NTest:1008 INFO  - === testI18N2() ===
[2013-01-13 19:08:40,554] TestBase:351 DEBUG - === created message:MESSAGE sip:I18N-2@localhost:5060 SIP/2.0
Call-ID: 4acf4a6a9902ecfc5076dfc65fa0f377@192.168.1.65
CSeq: 1 MESSAGE
From: "Alice" <sip:alice@192.168.1.65:5071>;tag=1591901037
To: "JSR289_TCK" <sip:JSR289_TCK@localhost:5060>
Via: SIP/2.0/UDP 192.168.1.65:5071;branch=somebranchvalue
Max-Forwards: 5
Content-Length: 0

 ===
]]></system-out>

      <system-err><![CDATA[]]></system-err>

  </testsuite>
  <testsuite errors="0" failures="1" id="10" name="MessageAccessTest" package="com.bea.sipservlet.tck.agents.spec" tests="1" time="13.598">
      <properties>
[...]
</properties>

      <testcase assertions="[SipServlet:SPEC:MessageAccess1] - Tests the ability to access Message headers and contents" classname="com.bea.sipservlet.tck.agents.spec.MessageAccessTest" name="testMessageAccess" time="13.429">
          <failure type="junit.framework.AssertionFailedError">junit.framework.AssertionFailedError
	at com.bea.sipservlet.tck.agents.spec.MessageAccessTest.testMessageAccess(MessageAccessTest.java:129)
	at com.bea.wcp.ant.ext.junit.TestHandler.runTest(TestHandler.java:73)
	at com.bea.wcp.ant.ext.junit.TestHandler.run(TestHandler.java:58)
	at com.bea.wcp.ant.ext.junit.TestHandler.invoke(TestHandler.java:34)
	at $Proxy0.run(Unknown Source)
	at com.bea.wcp.ant.ext.junit.TestProxy.run(TestProxy.java:24)
	at com.bea.wcp.ant.ext.junit.TckJUnitTestRunner.run(TckJUnitTestRunner.java:272)
	at com.bea.wcp.ant.ext.junit.TckJUnitTestRunner.launch(TckJUnitTestRunner.java:647)
	at com.bea.wcp.ant.ext.junit.TckJUnitTestRunner.main(TckJUnitTestRunner.java:542)
</failure>

      </testcase>

      <system-out><![CDATA[[2013-01-13 19:08:56,651] MessageAccessTest:1008 INFO  - === testMessageAccess() ===
[2013-01-13 19:08:56,792] TestBase:351 DEBUG - === created message:MESSAGE sip:JSR289_TCK@localhost:5060 SIP/2.0
Call-ID: 436d8ccfb96856ce407517a42967d015@192.168.1.65
CSeq: 1 MESSAGE
From: "Alice" <sip:alice@192.168.1.65:5071>;tag=24182631
To: "JSR289_TCK" <sip:JSR289_TCK@localhost:5060>
Via: SIP/2.0/UDP 192.168.1.65:5071;branch=somebranchvalue
Max-Forwards: 5
Content-Length: 0

 ===
[2013-01-13 19:08:56,846] MessageAccessTest:124 DEBUG - ---UA1 sent req is:MESSAGE sip:JSR289_TCK@localhost:5060;transport=udp SIP/2.0
Call-ID: 436d8ccfb96856ce407517a42967d015@192.168.1.65
CSeq: 1 MESSAGE
From: "Alice" <sip:alice@example.com>;tag=24182631
To: "JSR289_TCK" <sip:JSR289_TCK@localhost:5060>
Via: SIP/2.0/UDP 192.168.1.65:5071;branch=z9hG4bK5f56534e1cad397708fd690f5d386ddb
Max-Forwards: 70
Route: "JSR289_TCK" <sip:JSR289_TCK@localhost:5060;lr>,<sip:localhost:5060;transport=udp;lr>
Application-Name: com.bea.sipservlet.tck.apps.spectestapp.uas
Servlet-Name: MessageAccess
Date: Sat, 13 Nov 2010 23:29:00 GMT
tck-test-name: testMessageAccess
Organization: Acme, Corp.
Expires: 300
ExpectedTo: JSR289_TCK <sip:JSR289_TCK@localhost:5060>
Content-Type: text/plain
Content-Length: 13

Hello, World!---
]]></system-out>

      <system-err><![CDATA[]]></system-err>

  </testsuite>
  <testsuite errors="0" failures="4" id="11" name="MultihomedTest" package="com.bea.sipservlet.tck.agents.spec" tests="4" time="52.625">
      <properties>
[...]
</properties>

      <testcase assertions="[SipServlet:SPEC:Multihomed2] - Tests the multihomed functionality with setOutboundInterface of Proxy." classname="com.bea.sipservlet.tck.agents.spec.MultihomedTest" name="testMultihomedProxy" time="13.411">
          <failure message="UA2 waits for incoming call - Timeout Occurred: The maximum amount of time to wait for a request message has elapsed." type="junit.framework.AssertionFailedError">junit.framework.AssertionFailedError: UA2 waits for incoming call - Timeout Occurred: The maximum amount of time to wait for a request message has elapsed.
	at org.cafesip.sipunit.SipTestCase.assertLastOperationSuccess(SipTestCase.java:241)
	at com.bea.sipservlet.tck.agents.spec.MultihomedTest.checkMultihomedProxyCase(MultihomedTest.java:338)
	at com.bea.sipservlet.tck.agents.spec.MultihomedTest.testMultihomedProxy(MultihomedTest.java:159)
	at com.bea.wcp.ant.ext.junit.TestHandler.runTest(TestHandler.java:73)
	at com.bea.wcp.ant.ext.junit.TestHandler.run(TestHandler.java:58)
	at com.bea.wcp.ant.ext.junit.TestHandler.invoke(TestHandler.java:34)
	at $Proxy0.run(Unknown Source)
	at com.bea.wcp.ant.ext.junit.TestProxy.run(TestProxy.java:24)
	at com.bea.wcp.ant.ext.junit.TckJUnitTestRunner.run(TckJUnitTestRunner.java:272)
	at com.bea.wcp.ant.ext.junit.TckJUnitTestRunner.launch(TckJUnitTestRunner.java:647)
	at com.bea.wcp.ant.ext.junit.TckJUnitTestRunner.main(TckJUnitTestRunner.java:542)
</failure>

      </testcase>

      <testcase assertions="[SipServlet:SPEC:Multihomed3] - Tests the multihomed functionality with setOutboundInterface of ProxyBranch." classname="com.bea.sipservlet.tck.agents.spec.MultihomedTest" name="testMultihomedProxyBranch" time="13.012">
          <failure message="UA2 waits for incoming call - Timeout Occurred: The maximum amount of time to wait for a request message has elapsed." type="junit.framework.AssertionFailedError">junit.framework.AssertionFailedError: UA2 waits for incoming call - Timeout Occurred: The maximum amount of time to wait for a request message has elapsed.
	at org.cafesip.sipunit.SipTestCase.assertLastOperationSuccess(SipTestCase.java:241)
	at com.bea.sipservlet.tck.agents.spec.MultihomedTest.checkMultihomedProxyCase(MultihomedTest.java:338)
	at com.bea.sipservlet.tck.agents.spec.MultihomedTest.testMultihomedProxyBranch(MultihomedTest.java:171)
	at com.bea.wcp.ant.ext.junit.TestHandler.runTest(TestHandler.java:73)
	at com.bea.wcp.ant.ext.junit.TestHandler.run(TestHandler.java:58)
	at com.bea.wcp.ant.ext.junit.TestHandler.invoke(TestHandler.java:34)
	at $Proxy0.run(Unknown Source)
	at com.bea.wcp.ant.ext.junit.TestProxy.run(TestProxy.java:24)
	at com.bea.wcp.ant.ext.junit.TckJUnitTestRunner.run(TckJUnitTestRunner.java:272)
	at com.bea.wcp.ant.ext.junit.TckJUnitTestRunner.launch(TckJUnitTestRunner.java:647)
	at com.bea.wcp.ant.ext.junit.TckJUnitTestRunner.main(TckJUnitTestRunner.java:542)
</failure>

      </testcase>

      <testcase assertions="[SipServlet:SPEC:Multihomed4] - Tests the multihomed functionality with REGISTER." classname="com.bea.sipservlet.tck.agents.spec.MultihomedTest" name="testMultihomedProxyForRegister" time="13.017">
          <failure message="UA2 wait for REGISTER - Timeout Occurred: The maximum amount of time to wait for a request message has elapsed." type="junit.framework.AssertionFailedError">junit.framework.AssertionFailedError: UA2 wait for REGISTER - Timeout Occurred: The maximum amount of time to wait for a request message has elapsed.
	at org.cafesip.sipunit.SipTestCase.assertLastOperationSuccess(SipTestCase.java:241)
	at com.bea.sipservlet.tck.agents.spec.MultihomedTest.testMultihomedProxyForRegister(MultihomedTest.java:209)
	at com.bea.wcp.ant.ext.junit.TestHandler.runTest(TestHandler.java:73)
	at com.bea.wcp.ant.ext.junit.TestHandler.run(TestHandler.java:58)
	at com.bea.wcp.ant.ext.junit.TestHandler.invoke(TestHandler.java:34)
	at $Proxy0.run(Unknown Source)
	at com.bea.wcp.ant.ext.junit.TestProxy.run(TestProxy.java:24)
	at com.bea.wcp.ant.ext.junit.TckJUnitTestRunner.run(TckJUnitTestRunner.java:272)
	at com.bea.wcp.ant.ext.junit.TckJUnitTestRunner.launch(TckJUnitTestRunner.java:647)
	at com.bea.wcp.ant.ext.junit.TckJUnitTestRunner.main(TckJUnitTestRunner.java:542)
</failure>

      </testcase>

      <testcase assertions="[SipServlet:SPEC:Multihomed1] - Tests the multihomed functionality with setOutboundInterface of SipSession." classname="com.bea.sipservlet.tck.agents.spec.MultihomedTest" name="testMultihomedUas" time="13.015">
          <failure message="ua waits for 200/INVITE - Timeout Occurred: The maximum amount of time to wait for a response message has elapsed." type="junit.framework.AssertionFailedError">junit.framework.AssertionFailedError: ua waits for 200/INVITE - Timeout Occurred: The maximum amount of time to wait for a response message has elapsed.
	at org.cafesip.sipunit.SipTestCase.assertLastOperationSuccess(SipTestCase.java:241)
	at com.bea.sipservlet.tck.agents.spec.MultihomedTest.testMultihomedUas(MultihomedTest.java:95)
	at com.bea.wcp.ant.ext.junit.TestHandler.runTest(TestHandler.java:73)
	at com.bea.wcp.ant.ext.junit.TestHandler.run(TestHandler.java:58)
	at com.bea.wcp.ant.ext.junit.TestHandler.invoke(TestHandler.java:34)
	at $Proxy0.run(Unknown Source)
	at com.bea.wcp.ant.ext.junit.TestProxy.run(TestProxy.java:24)
	at com.bea.wcp.ant.ext.junit.TckJUnitTestRunner.run(TckJUnitTestRunner.java:272)
	at com.bea.wcp.ant.ext.junit.TckJUnitTestRunner.launch(TckJUnitTestRunner.java:647)
	at com.bea.wcp.ant.ext.junit.TckJUnitTestRunner.main(TckJUnitTestRunner.java:542)
</failure>

      </testcase>

      <system-out><![CDATA[[2013-01-13 19:09:11,017] MultihomedTest:1008 INFO  - === testMultihomedProxy() ===
SIPUNIT TRACE:  1358104151171  INVITE after sending out through stack..........
SIPUNIT TRACE:  1358104151171  INVITE sip:JSR289_TCK@localhost:5060 SIP/2.0
Call-ID: 35de6b00805e72e8b94a0a47b944c917@192.168.1.65
CSeq: 1 INVITE
From: <sip:alice@192.168.1.65>;tag=139087288
To: <sip:JSR289_TCK@localhost:5060>
Via: SIP/2.0/UDP 192.168.1.65:5071;branch=z9hG4bK5dc0829d8fe6a8e2b139864dc3f06421
Max-Forwards: 70
Contact: <sip:alice@192.168.1.65:5071;transport=udp;lr>
Route: <sip:localhost:5060;transport=udp;lr>,<sip:bob@192.168.1.65:5072;transport=udp;lr>,<sip:localhost:5060;lr>
Servlet-Name: MultihomedProxy
Application-Name: com.bea.sipservlet.tck.apps.spectestapp.proxy
Content-Length: 0


SIPUNIT TRACE:  1358104151171  RouteHeader address: <sip:localhost:5060;transport=udp;lr>
SIPUNIT TRACE:  1358104151171  RouteHeader address: sip:bob@192.168.1.65:5072;transport=udp;lr
SIPUNIT TRACE:  1358104151171  RouteHeader address: <sip:localhost:5060;lr>
SIPUNIT TRACE:  1358104151171  SS.waitRequest() - about to block, waiting
SIPUNIT TRACE:  1358104161168  SS.waitRequest() - we've come out of the block
SIPUNIT TRACE:  1358104161168  SS.waitRequest() - either we got the request, or timed out
[2013-01-13 19:09:24,187] MultihomedTest:1008 INFO  - === testMultihomedProxyBranch() ===
SIPUNIT TRACE:  1358104164192  INVITE after sending out through stack..........
SIPUNIT TRACE:  1358104164193  INVITE sip:JSR289_TCK@localhost:5060 SIP/2.0
Call-ID: 226b50eca5234cc32d78ae0edf15afdc@192.168.1.65
CSeq: 1 INVITE
From: <sip:alice@192.168.1.65>;tag=1714501829
To: <sip:JSR289_TCK@localhost:5060>
Via: SIP/2.0/UDP 192.168.1.65:5071;branch=z9hG4bK4fca78c704cffb80897d13dda4613406
Max-Forwards: 70
Contact: <sip:alice@192.168.1.65:5071;transport=udp;lr>
Route: <sip:localhost:5060;transport=udp;lr>,<sip:bob@192.168.1.65:5072;transport=udp;lr>,<sip:localhost:5060;lr>
Servlet-Name: MultihomedProxyBranch
Application-Name: com.bea.sipservlet.tck.apps.spectestapp.proxy
Content-Length: 0


SIPUNIT TRACE:  1358104164193  RouteHeader address: <sip:localhost:5060;transport=udp;lr>
SIPUNIT TRACE:  1358104164193  RouteHeader address: sip:bob@192.168.1.65:5072;transport=udp;lr
SIPUNIT TRACE:  1358104164193  RouteHeader address: <sip:localhost:5060;lr>
SIPUNIT TRACE:  1358104164193  SS.waitRequest() - about to block, waiting
SIPUNIT TRACE:  1358104174189  SS.waitRequest() - we've come out of the block
SIPUNIT TRACE:  1358104174189  SS.waitRequest() - either we got the request, or timed out
[2013-01-13 19:09:37,200] MultihomedTest:1008 INFO  - === testMultihomedProxyForRegister() ===
[2013-01-13 19:09:37,201] TestBase:351 DEBUG - === created message:REGISTER sip:localhost SIP/2.0
Call-ID: 181db2fe2fd4c755f2a82717d33551bd@192.168.1.65
CSeq: 1 REGISTER
From: "Alice" <sip:alice@192.168.1.65:5071>;tag=1401178196
To: "Alice" <sip:alice@192.168.1.65:5071>
Via: SIP/2.0/UDP 192.168.1.65:5071;branch=somebranchvalue
Max-Forwards: 5
Content-Length: 0

 ===
SIPUNIT TRACE:  1358104177207  SS.waitRequest() - about to block, waiting
SIPUNIT TRACE:  1358104187204  SS.waitRequest() - we've come out of the block
SIPUNIT TRACE:  1358104187204  SS.waitRequest() - either we got the request, or timed out
[2013-01-13 19:09:50,217] MultihomedTest:1008 INFO  - === testMultihomedUas() ===
SIPUNIT TRACE:  1358104190223  INVITE after sending out through stack..........
SIPUNIT TRACE:  1358104190223  INVITE sip:JSR289_TCK@localhost:5060 SIP/2.0
Call-ID: d7647fe431115ac5a7800c0c761e50e2@192.168.1.65
CSeq: 1 INVITE
From: <sip:alice@192.168.1.65>;tag=348992192
To: <sip:JSR289_TCK@localhost:5060>
Via: SIP/2.0/UDP 192.168.1.65:5071;branch=z9hG4bK13a5a620432560029d14a9dc5d4e651a
Max-Forwards: 70
Contact: <sip:alice@192.168.1.65:5071;transport=udp;lr>
Route: <sip:localhost:5060;transport=udp;lr>
Servlet-Name: MultihomedUas
Application-Name: com.bea.sipservlet.tck.apps.spectestapp.uas
Content-Length: 0


SIPUNIT TRACE:  1358104190223  RouteHeader address: <sip:localhost:5060;transport=udp;lr>
]]></system-out>

      <system-err><![CDATA[]]></system-err>

  </testsuite>
  <testsuite errors="0" failures="5" id="12" name="ProxyBranchTest" package="com.bea.sipservlet.tck.agents.spec" tests="5" time="45.618">
      <properties>
[...]
</properties>

      <testcase assertions="[SipServlet:SPEC:ProxyBranch4] - Add/remove non system headers from the SipServletRequest before the request is proxied. The headers will be found on target UAS." classname="com.bea.sipservlet.tck.agents.spec.ProxyBranchTest" name="testAddNoSysHeader" time="9.371">
          <failure message="Don&apos;t receive INVITE" type="junit.framework.AssertionFailedError">junit.framework.AssertionFailedError: Don&apos;t receive INVITE
	at com.bea.sipservlet.tck.agents.spec.ProxyBranchTest.testAddNoSysHeader(ProxyBranchTest.java:651)
	at com.bea.wcp.ant.ext.junit.TestHandler.runTest(TestHandler.java:73)
	at com.bea.wcp.ant.ext.junit.TestHandler.run(TestHandler.java:58)
	at com.bea.wcp.ant.ext.junit.TestHandler.invoke(TestHandler.java:34)
	at $Proxy0.run(Unknown Source)
	at com.bea.wcp.ant.ext.junit.TestProxy.run(TestProxy.java:24)
	at com.bea.wcp.ant.ext.junit.TckJUnitTestRunner.run(TckJUnitTestRunner.java:272)
	at com.bea.wcp.ant.ext.junit.TckJUnitTestRunner.launch(TckJUnitTestRunner.java:647)
	at com.bea.wcp.ant.ext.junit.TckJUnitTestRunner.main(TckJUnitTestRunner.java:542)
</failure>

      </testcase>

      <testcase assertions="[SipServlet:SPEC:ProxyBranch5] - Canceling on the Proxy and ProxyBranches." classname="com.bea.sipservlet.tck.agents.spec.ProxyBranchTest" name="testCancelProxy" time="9.016">
          <failure message="Don&apos;t receive INVITE" type="junit.framework.AssertionFailedError">junit.framework.AssertionFailedError: Don&apos;t receive INVITE
	at com.bea.sipservlet.tck.agents.spec.ProxyBranchTest.testCancelProxy(ProxyBranchTest.java:802)
	at com.bea.wcp.ant.ext.junit.TestHandler.runTest(TestHandler.java:73)
	at com.bea.wcp.ant.ext.junit.TestHandler.run(TestHandler.java:58)
	at com.bea.wcp.ant.ext.junit.TestHandler.invoke(TestHandler.java:34)
	at $Proxy0.run(Unknown Source)
	at com.bea.wcp.ant.ext.junit.TestProxy.run(TestProxy.java:24)
	at com.bea.wcp.ant.ext.junit.TckJUnitTestRunner.run(TckJUnitTestRunner.java:272)
	at com.bea.wcp.ant.ext.junit.TckJUnitTestRunner.launch(TckJUnitTestRunner.java:647)
	at com.bea.wcp.ant.ext.junit.TckJUnitTestRunner.main(TckJUnitTestRunner.java:542)
</failure>

      </testcase>

      <testcase assertions="[SipServlet:SPEC:ProxyBranch1] - Creating and accessing proxy branches when Proxy.setParallel(false)." classname="com.bea.sipservlet.tck.agents.spec.ProxyBranchTest" name="testCreatingBranchNoParallel" time="9.018">
          <failure message="Don&apos;t receive INVITE" type="junit.framework.AssertionFailedError">junit.framework.AssertionFailedError: Don&apos;t receive INVITE
	at com.bea.sipservlet.tck.agents.spec.ProxyBranchTest.testCreatingBranchNoParallel(ProxyBranchTest.java:176)
	at com.bea.wcp.ant.ext.junit.TestHandler.runTest(TestHandler.java:73)
	at com.bea.wcp.ant.ext.junit.TestHandler.run(TestHandler.java:58)
	at com.bea.wcp.ant.ext.junit.TestHandler.invoke(TestHandler.java:34)
	at $Proxy0.run(Unknown Source)
	at com.bea.wcp.ant.ext.junit.TestProxy.run(TestProxy.java:24)
	at com.bea.wcp.ant.ext.junit.TckJUnitTestRunner.run(TckJUnitTestRunner.java:272)
	at com.bea.wcp.ant.ext.junit.TckJUnitTestRunner.launch(TckJUnitTestRunner.java:647)
	at com.bea.wcp.ant.ext.junit.TckJUnitTestRunner.main(TckJUnitTestRunner.java:542)
</failure>

      </testcase>

      <testcase assertions="[SipServlet:SPEC:ProxyBranch2] - Creating and accessing proxy branches when Proxy.setParallel(true)." classname="com.bea.sipservlet.tck.agents.spec.ProxyBranchTest" name="testCreatingBranchParallel" time="9.019">
          <failure message="Don&apos;t receive INVITE" type="junit.framework.AssertionFailedError">junit.framework.AssertionFailedError: Don&apos;t receive INVITE
	at com.bea.sipservlet.tck.agents.spec.ProxyBranchTest.testCreatingBranchParallel(ProxyBranchTest.java:345)
	at com.bea.wcp.ant.ext.junit.TestHandler.runTest(TestHandler.java:73)
	at com.bea.wcp.ant.ext.junit.TestHandler.run(TestHandler.java:58)
	at com.bea.wcp.ant.ext.junit.TestHandler.invoke(TestHandler.java:34)
	at $Proxy0.run(Unknown Source)
	at com.bea.wcp.ant.ext.junit.TestProxy.run(TestProxy.java:24)
	at com.bea.wcp.ant.ext.junit.TckJUnitTestRunner.run(TckJUnitTestRunner.java:272)
	at com.bea.wcp.ant.ext.junit.TckJUnitTestRunner.launch(TckJUnitTestRunner.java:647)
	at com.bea.wcp.ant.ext.junit.TckJUnitTestRunner.main(TckJUnitTestRunner.java:542)
</failure>

      </testcase>

      <testcase assertions="[SipServlet:SPEC:ProxyBranch3] - Receipt of a 3xx class redirect response on a branch can result in recursed branches if the proxy or the branch has recursion enabled." classname="com.bea.sipservlet.tck.agents.spec.ProxyBranchTest" name="testProxyBranchRecurse" time="9.021">
          <failure message="Don&apos;t receive INVITE" type="junit.framework.AssertionFailedError">junit.framework.AssertionFailedError: Don&apos;t receive INVITE
	at com.bea.sipservlet.tck.agents.spec.ProxyBranchTest.testProxyBranchRecurse(ProxyBranchTest.java:534)
	at com.bea.wcp.ant.ext.junit.TestHandler.runTest(TestHandler.java:73)
	at com.bea.wcp.ant.ext.junit.TestHandler.run(TestHandler.java:58)
	at com.bea.wcp.ant.ext.junit.TestHandler.invoke(TestHandler.java:34)
	at $Proxy0.run(Unknown Source)
	at com.bea.wcp.ant.ext.junit.TestProxy.run(TestProxy.java:24)
	at com.bea.wcp.ant.ext.junit.TckJUnitTestRunner.run(TckJUnitTestRunner.java:272)
	at com.bea.wcp.ant.ext.junit.TckJUnitTestRunner.launch(TckJUnitTestRunner.java:647)
	at com.bea.wcp.ant.ext.junit.TckJUnitTestRunner.main(TckJUnitTestRunner.java:542)
</failure>

      </testcase>

      <system-out><![CDATA[[2013-01-13 19:10:04,344] ProxyBranchTest:1008 INFO  - === testAddNoSysHeader() ===
[2013-01-13 19:10:04,349] ProxyBranchTest:940 DEBUG - ----------------1-------------- begin
SIPUNIT TRACE:  1358104204479  INVITE after sending out through stack..........
SIPUNIT TRACE:  1358104204480  INVITE sip:JSR289_TCK@localhost:5060 SIP/2.0
Call-ID: fa3e935c6e51e181427fa199f0675617@192.168.1.65
CSeq: 1 INVITE
From: <sip:alice@192.168.1.65>;tag=1508343525
To: <sip:JSR289_TCK@localhost:5060>
Via: SIP/2.0/UDP 192.168.1.65:5071;branch=z9hG4bK97df4b72daae5df6d5a58a3a437b8ef8
Max-Forwards: 70
Contact: <sip:alice@192.168.1.65:5071;transport=udp;lr>
Route: <sip:localhost:5060;transport=udp;lr>
Servlet-Name: AddNoSysHeader
Application-Name: com.bea.sipservlet.tck.apps.spectestapp.proxy
TARGET1: sip:bob@192.168.1.65:5072
TARGET2: sip:jim@192.168.1.65:5073
TARGET3: sip:tom@192.168.1.65:5074
Content-Length: 0


SIPUNIT TRACE:  1358104204480  RouteHeader address: <sip:localhost:5060;transport=udp;lr>
[2013-01-13 19:10:04,480] ProxyBranchTest:942 DEBUG - -----------------1-------------- end
[2013-01-13 19:10:04,481] ProxyBranchTest:940 DEBUG - ----------------2-------------- begin
SIPUNIT TRACE:  1358104204481  SS.waitRequest() - about to block, waiting
SIPUNIT TRACE:  1358104209480  SS.waitRequest() - we've come out of the block
SIPUNIT TRACE:  1358104209480  SS.waitRequest() - either we got the request, or timed out
[2013-01-13 19:10:13,498] ProxyBranchTest:1008 INFO  - === testCancelProxy() ===
[2013-01-13 19:10:13,498] ProxyBranchTest:940 DEBUG - ----------------1-------------- begin
SIPUNIT TRACE:  1358104213504  INVITE after sending out through stack..........
SIPUNIT TRACE:  1358104213504  INVITE sip:JSR289_TCK@localhost:5060 SIP/2.0
Call-ID: fa432321430a13cb77d572233bbd4fb0@192.168.1.65
CSeq: 1 INVITE
From: <sip:alice@192.168.1.65>;tag=1912906863
To: <sip:JSR289_TCK@localhost:5060>
Via: SIP/2.0/UDP 192.168.1.65:5071;branch=z9hG4bK4b8fb96dbaa885f37ca8783e4dce7f6c
Max-Forwards: 70
Contact: <sip:alice@192.168.1.65:5071;transport=udp;lr>
Route: <sip:localhost:5060;transport=udp;lr>
Servlet-Name: CancelProxy
Application-Name: com.bea.sipservlet.tck.apps.spectestapp.proxy
TARGET1: sip:bob@192.168.1.65:5072
TARGET2: sip:jim@192.168.1.65:5073
TARGET3: sip:tom@192.168.1.65:5074
Content-Length: 0


SIPUNIT TRACE:  1358104213504  RouteHeader address: <sip:localhost:5060;transport=udp;lr>
[2013-01-13 19:10:13,504] ProxyBranchTest:942 DEBUG - -----------------1-------------- end
[2013-01-13 19:10:13,504] ProxyBranchTest:940 DEBUG - ----------------2-------------- begin
SIPUNIT TRACE:  1358104213505  SS.waitRequest() - about to block, waiting
SIPUNIT TRACE:  1358104218503  SS.waitRequest() - we've come out of the block
SIPUNIT TRACE:  1358104218504  SS.waitRequest() - either we got the request, or timed out
[2013-01-13 19:10:22,514] ProxyBranchTest:1008 INFO  - === testCreatingBranchNoParallel() ===
[2013-01-13 19:10:22,514] ProxyBranchTest:940 DEBUG - ----------------1-------------- begin
SIPUNIT TRACE:  1358104222520  INVITE after sending out through stack..........
SIPUNIT TRACE:  1358104222520  INVITE sip:JSR289_TCK@localhost:5060 SIP/2.0
Call-ID: 929a3c23413d813ef1b767041109e62d@192.168.1.65
CSeq: 1 INVITE
From: <sip:alice@192.168.1.65>;tag=1967814529
To: <sip:JSR289_TCK@localhost:5060>
Via: SIP/2.0/UDP 192.168.1.65:5071;branch=z9hG4bKd6080588aefbffe7eed3bdb26ac2e625
Max-Forwards: 70
Contact: <sip:alice@192.168.1.65:5071;transport=udp;lr>
Route: <sip:localhost:5060;transport=udp;lr>
Servlet-Name: CreatingBranchNoParallel
Application-Name: com.bea.sipservlet.tck.apps.spectestapp.proxy
TARGET1: sip:bob@192.168.1.65:5072
TARGET2: sip:jim@192.168.1.65:5073
TARGET3: sip:tom@192.168.1.65:5074
Content-Length: 0


SIPUNIT TRACE:  1358104222520  RouteHeader address: <sip:localhost:5060;transport=udp;lr>
[2013-01-13 19:10:22,520] ProxyBranchTest:942 DEBUG - -----------------1-------------- end
[2013-01-13 19:10:22,520] ProxyBranchTest:940 DEBUG - ----------------2-------------- begin
SIPUNIT TRACE:  1358104222521  SS.waitRequest() - about to block, waiting
SIPUNIT TRACE:  1358104227519  SS.waitRequest() - we've come out of the block
SIPUNIT TRACE:  1358104227519  SS.waitRequest() - either we got the request, or timed out
[2013-01-13 19:10:31,533] ProxyBranchTest:1008 INFO  - === testCreatingBranchParallel() ===
[2013-01-13 19:10:31,534] ProxyBranchTest:940 DEBUG - ----------------1-------------- begin
SIPUNIT TRACE:  1358104231540  INVITE after sending out through stack..........
SIPUNIT TRACE:  1358104231540  INVITE sip:JSR289_TCK@localhost:5060 SIP/2.0
Call-ID: 12e13c90bbf0e31a8622ffad7b612e27@192.168.1.65
CSeq: 1 INVITE
From: <sip:alice@192.168.1.65>;tag=1624565300
To: <sip:JSR289_TCK@localhost:5060>
Via: SIP/2.0/UDP 192.168.1.65:5071;branch=z9hG4bK2992d872e5068136cee8773dfedcce57
Max-Forwards: 70
Contact: <sip:alice@192.168.1.65:5071;transport=udp;lr>
Route: <sip:localhost:5060;transport=udp;lr>
Servlet-Name: CreatingBranchParallel
Application-Name: com.bea.sipservlet.tck.apps.spectestapp.proxy
TARGET1: sip:bob@192.168.1.65:5072
TARGET2: sip:jim@192.168.1.65:5073
TARGET3: sip:tom@192.168.1.65:5074
Content-Length: 0


SIPUNIT TRACE:  1358104231540  RouteHeader address: <sip:localhost:5060;transport=udp;lr>
[2013-01-13 19:10:31,540] ProxyBranchTest:942 DEBUG - -----------------1-------------- end
[2013-01-13 19:10:31,540] ProxyBranchTest:940 DEBUG - ----------------2-------------- begin
SIPUNIT TRACE:  1358104231541  SS.waitRequest() - about to block, waiting
SIPUNIT TRACE:  1358104236540  SS.waitRequest() - we've come out of the block
SIPUNIT TRACE:  1358104236540  SS.waitRequest() - either we got the request, or timed out
[2013-01-13 19:10:40,552] ProxyBranchTest:1008 INFO  - === testProxyBranchRecurse() ===
[2013-01-13 19:10:40,553] ProxyBranchTest:940 DEBUG - ----------------1-------------- begin
SIPUNIT TRACE:  1358104240559  INVITE after sending out through stack..........
SIPUNIT TRACE:  1358104240559  INVITE sip:JSR289_TCK@localhost:5060 SIP/2.0
Call-ID: c2db27c4b448fe75090c98a8c7828f92@192.168.1.65
CSeq: 1 INVITE
From: <sip:alice@192.168.1.65>;tag=1593422914
To: <sip:JSR289_TCK@localhost:5060>
Via: SIP/2.0/UDP 192.168.1.65:5071;branch=z9hG4bK487781c15c7419ed75aef365f4091ec6
Max-Forwards: 70
Contact: <sip:alice@192.168.1.65:5071;transport=udp;lr>
Route: <sip:localhost:5060;transport=udp;lr>
Servlet-Name: ProxyBranchRecurse
Application-Name: com.bea.sipservlet.tck.apps.spectestapp.proxy
TARGET1: sip:bob@192.168.1.65:5072
TARGET2: sip:jim@192.168.1.65:5073
TARGET3: sip:tom@192.168.1.65:5074
Content-Length: 0


SIPUNIT TRACE:  1358104240559  RouteHeader address: <sip:localhost:5060;transport=udp;lr>
[2013-01-13 19:10:40,559] ProxyBranchTest:942 DEBUG - -----------------1-------------- end
[2013-01-13 19:10:40,560] ProxyBranchTest:940 DEBUG - ----------------2-------------- begin
SIPUNIT TRACE:  1358104240560  SS.waitRequest() - about to block, waiting
SIPUNIT TRACE:  1358104245559  SS.waitRequest() - we've come out of the block
SIPUNIT TRACE:  1358104245559  SS.waitRequest() - either we got the request, or timed out
]]></system-out>

      <system-err><![CDATA[]]></system-err>

  </testsuite>
  <testsuite errors="0" failures="12" id="13" name="ProxyTest" package="com.bea.sipservlet.tck.agents.spec" tests="12" time="136.756">
      <properties>
[...]
</properties>

      <testcase assertions="[SipServlet:SPEC:Proxy3] - Tests recursion. Recursion is disabled." classname="com.bea.sipservlet.tck.agents.spec.ProxyTest" name="testProxyRecurseOff" time="13.423">
          <failure message="Wait response error - Timeout Occurred: The maximum amount of time to wait for a response message has elapsed." type="junit.framework.AssertionFailedError">junit.framework.AssertionFailedError: Wait response error - Timeout Occurred: The maximum amount of time to wait for a response message has elapsed.
	at org.cafesip.sipunit.SipTestCase.assertLastOperationSuccess(SipTestCase.java:241)
	at com.bea.sipservlet.tck.agents.spec.ProxyTest.testProxyRecurseOff(ProxyTest.java:528)
	at com.bea.wcp.ant.ext.junit.TestHandler.runTest(TestHandler.java:73)
	at com.bea.wcp.ant.ext.junit.TestHandler.run(TestHandler.java:58)
	at com.bea.wcp.ant.ext.junit.TestHandler.invoke(TestHandler.java:34)
	at $Proxy0.run(Unknown Source)
	at com.bea.wcp.ant.ext.junit.TestProxy.run(TestProxy.java:24)
	at com.bea.wcp.ant.ext.junit.TckJUnitTestRunner.run(TckJUnitTestRunner.java:272)
	at com.bea.wcp.ant.ext.junit.TckJUnitTestRunner.launch(TckJUnitTestRunner.java:647)
	at com.bea.wcp.ant.ext.junit.TckJUnitTestRunner.main(TckJUnitTestRunner.java:542)
</failure>

      </testcase>

      <testcase assertions="[SipServlet:SPEC:Proxy4] - Tests cancellation of proxy operation in progress." classname="com.bea.sipservlet.tck.agents.spec.ProxyTest" name="testProxyCancel" time="13.011">
          <failure message="Wait response error - Timeout Occurred: The maximum amount of time to wait for a response message has elapsed." type="junit.framework.AssertionFailedError">junit.framework.AssertionFailedError: Wait response error - Timeout Occurred: The maximum amount of time to wait for a response message has elapsed.
	at org.cafesip.sipunit.SipTestCase.assertLastOperationSuccess(SipTestCase.java:241)
	at com.bea.sipservlet.tck.agents.spec.ProxyTest.testProxyCancel(ProxyTest.java:642)
	at com.bea.wcp.ant.ext.junit.TestHandler.runTest(TestHandler.java:73)
	at com.bea.wcp.ant.ext.junit.TestHandler.run(TestHandler.java:58)
	at com.bea.wcp.ant.ext.junit.TestHandler.invoke(TestHandler.java:34)
	at $Proxy0.run(Unknown Source)
	at com.bea.wcp.ant.ext.junit.TestProxy.run(TestProxy.java:24)
	at com.bea.wcp.ant.ext.junit.TckJUnitTestRunner.run(TckJUnitTestRunner.java:272)
	at com.bea.wcp.ant.ext.junit.TckJUnitTestRunner.launch(TckJUnitTestRunner.java:647)
	at com.bea.wcp.ant.ext.junit.TckJUnitTestRunner.main(TckJUnitTestRunner.java:542)
</failure>

      </testcase>

      <testcase assertions="[SipServlet:SPEC:Proxy5] - Tests that a 483 Too Many Hops response is returned when an application  attempts to proxy a request with Max-Forwards: 0" classname="com.bea.sipservlet.tck.agents.spec.ProxyTest" name="testProxyTooManyHops" time="13.014">
          <failure message="Wait response error - Timeout Occurred: The maximum amount of time to wait for a response message has elapsed." type="junit.framework.AssertionFailedError">junit.framework.AssertionFailedError: Wait response error - Timeout Occurred: The maximum amount of time to wait for a response message has elapsed.
	at org.cafesip.sipunit.SipTestCase.assertLastOperationSuccess(SipTestCase.java:241)
	at com.bea.sipservlet.tck.agents.spec.ProxyTest.testProxyTooManyHops(ProxyTest.java:772)
	at com.bea.wcp.ant.ext.junit.TestHandler.runTest(TestHandler.java:73)
	at com.bea.wcp.ant.ext.junit.TestHandler.run(TestHandler.java:58)
	at com.bea.wcp.ant.ext.junit.TestHandler.invoke(TestHandler.java:34)
	at $Proxy0.run(Unknown Source)
	at com.bea.wcp.ant.ext.junit.TestProxy.run(TestProxy.java:24)
	at com.bea.wcp.ant.ext.junit.TckJUnitTestRunner.run(TckJUnitTestRunner.java:272)
	at com.bea.wcp.ant.ext.junit.TckJUnitTestRunner.launch(TckJUnitTestRunner.java:647)
	at com.bea.wcp.ant.ext.junit.TckJUnitTestRunner.main(TckJUnitTestRunner.java:542)
</failure>

      </testcase>

      <testcase assertions="[SipServlet:SPEC:Proxy6] - Exercises ability of proxy app to generate its own 2xx response in  the best response callback, when the best response received was a non-2xx" classname="com.bea.sipservlet.tck.agents.spec.ProxyTest" name="testProxyGen2xx" time="13.019">
          <failure type="junit.framework.AssertionFailedError">junit.framework.AssertionFailedError
	at com.bea.sipservlet.tck.agents.spec.ProxyTest.testProxyGen2xx(ProxyTest.java:847)
	at com.bea.wcp.ant.ext.junit.TestHandler.runTest(TestHandler.java:73)
	at com.bea.wcp.ant.ext.junit.TestHandler.run(TestHandler.java:58)
	at com.bea.wcp.ant.ext.junit.TestHandler.invoke(TestHandler.java:34)
	at $Proxy0.run(Unknown Source)
	at com.bea.wcp.ant.ext.junit.TestProxy.run(TestProxy.java:24)
	at com.bea.wcp.ant.ext.junit.TckJUnitTestRunner.run(TckJUnitTestRunner.java:272)
	at com.bea.wcp.ant.ext.junit.TckJUnitTestRunner.launch(TckJUnitTestRunner.java:647)
	at com.bea.wcp.ant.ext.junit.TckJUnitTestRunner.main(TckJUnitTestRunner.java:542)
</failure>

      </testcase>

      <testcase assertions="[SipServlet:SPEC:Proxy7] - Basic proxy caller bye test" classname="com.bea.sipservlet.tck.agents.spec.ProxyTest" name="testProxyBasicCallerBye" time="8.019">
          <failure message="Don&apos;t receive INVITE" type="junit.framework.AssertionFailedError">junit.framework.AssertionFailedError: Don&apos;t receive INVITE
	at com.bea.sipservlet.tck.agents.spec.ProxyTest.testProxyBasicCallerBye(ProxyTest.java:971)
	at com.bea.wcp.ant.ext.junit.TestHandler.runTest(TestHandler.java:73)
	at com.bea.wcp.ant.ext.junit.TestHandler.run(TestHandler.java:58)
	at com.bea.wcp.ant.ext.junit.TestHandler.invoke(TestHandler.java:34)
	at $Proxy0.run(Unknown Source)
	at com.bea.wcp.ant.ext.junit.TestProxy.run(TestProxy.java:24)
	at com.bea.wcp.ant.ext.junit.TckJUnitTestRunner.run(TckJUnitTestRunner.java:272)
	at com.bea.wcp.ant.ext.junit.TckJUnitTestRunner.launch(TckJUnitTestRunner.java:647)
	at com.bea.wcp.ant.ext.junit.TckJUnitTestRunner.main(TckJUnitTestRunner.java:542)
</failure>

      </testcase>

      <testcase assertions="[SipServlet:SPEC:Proxy2] - Tests ability of proxy applications to proxy to add URIs to the proxy target set in the best-response callback if the best response is not a 2xx" classname="com.bea.sipservlet.tck.agents.spec.ProxyTest" name="testProxyRecurseApp" time="13.015">
          <failure message="Wait response error - Timeout Occurred: The maximum amount of time to wait for a response message has elapsed." type="junit.framework.AssertionFailedError">junit.framework.AssertionFailedError: Wait response error - Timeout Occurred: The maximum amount of time to wait for a response message has elapsed.
	at org.cafesip.sipunit.SipTestCase.assertLastOperationSuccess(SipTestCase.java:241)
	at com.bea.sipservlet.tck.agents.spec.ProxyTest.testProxyRecurseApp(ProxyTest.java:347)
	at com.bea.wcp.ant.ext.junit.TestHandler.runTest(TestHandler.java:73)
	at com.bea.wcp.ant.ext.junit.TestHandler.run(TestHandler.java:58)
	at com.bea.wcp.ant.ext.junit.TestHandler.invoke(TestHandler.java:34)
	at $Proxy0.run(Unknown Source)
	at com.bea.wcp.ant.ext.junit.TestProxy.run(TestProxy.java:24)
	at com.bea.wcp.ant.ext.junit.TckJUnitTestRunner.run(TckJUnitTestRunner.java:272)
	at com.bea.wcp.ant.ext.junit.TckJUnitTestRunner.launch(TckJUnitTestRunner.java:647)
	at com.bea.wcp.ant.ext.junit.TckJUnitTestRunner.main(TckJUnitTestRunner.java:542)
</failure>

      </testcase>

      <testcase assertions="[SipServlet:SPEC:Proxy1] - Tests recursion in proxy applications." classname="com.bea.sipservlet.tck.agents.spec.ProxyTest" name="testProxyRecurseOn" time="13.016">
          <failure message="Wait response error - Timeout Occurred: The maximum amount of time to wait for a response message has elapsed." type="junit.framework.AssertionFailedError">junit.framework.AssertionFailedError: Wait response error - Timeout Occurred: The maximum amount of time to wait for a response message has elapsed.
	at org.cafesip.sipunit.SipTestCase.assertLastOperationSuccess(SipTestCase.java:241)
	at com.bea.sipservlet.tck.agents.spec.ProxyTest.testProxyRecurseOn(ProxyTest.java:140)
	at com.bea.wcp.ant.ext.junit.TestHandler.runTest(TestHandler.java:73)
	at com.bea.wcp.ant.ext.junit.TestHandler.run(TestHandler.java:58)
	at com.bea.wcp.ant.ext.junit.TestHandler.invoke(TestHandler.java:34)
	at $Proxy0.run(Unknown Source)
	at com.bea.wcp.ant.ext.junit.TestProxy.run(TestProxy.java:24)
	at com.bea.wcp.ant.ext.junit.TckJUnitTestRunner.run(TckJUnitTestRunner.java:272)
	at com.bea.wcp.ant.ext.junit.TckJUnitTestRunner.launch(TckJUnitTestRunner.java:647)
	at com.bea.wcp.ant.ext.junit.TckJUnitTestRunner.main(TckJUnitTestRunner.java:542)
</failure>

      </testcase>

      <testcase assertions="[SipServlet:SPEC:Proxy8] - Basic proxy callee bye test" classname="com.bea.sipservlet.tck.agents.spec.ProxyTest" name="testProxyBasicCalleeBye" time="13.014">
          <failure type="junit.framework.AssertionFailedError">junit.framework.AssertionFailedError
	at com.bea.sipservlet.tck.agents.spec.ProxyTest.testProxyBasicCalleeBye(ProxyTest.java:1050)
	at com.bea.wcp.ant.ext.junit.TestHandler.runTest(TestHandler.java:73)
	at com.bea.wcp.ant.ext.junit.TestHandler.run(TestHandler.java:58)
	at com.bea.wcp.ant.ext.junit.TestHandler.invoke(TestHandler.java:34)
	at $Proxy0.run(Unknown Source)
	at com.bea.wcp.ant.ext.junit.TestProxy.run(TestProxy.java:24)
	at com.bea.wcp.ant.ext.junit.TckJUnitTestRunner.run(TckJUnitTestRunner.java:272)
	at com.bea.wcp.ant.ext.junit.TckJUnitTestRunner.launch(TckJUnitTestRunner.java:647)
	at com.bea.wcp.ant.ext.junit.TckJUnitTestRunner.main(TckJUnitTestRunner.java:542)
</failure>

      </testcase>

      <testcase assertions="[SipServlet:SPEC:Proxy9] - App record-routes. Proxy caller bye test" classname="com.bea.sipservlet.tck.agents.spec.ProxyTest" name="testProxyRRCallerBye" time="8.014">
          <failure message="Don&apos;t receive INVITE" type="junit.framework.AssertionFailedError">junit.framework.AssertionFailedError: Don&apos;t receive INVITE
	at com.bea.sipservlet.tck.agents.spec.ProxyTest.testProxyRRCallerBye(ProxyTest.java:1136)
	at com.bea.wcp.ant.ext.junit.TestHandler.runTest(TestHandler.java:73)
	at com.bea.wcp.ant.ext.junit.TestHandler.run(TestHandler.java:58)
	at com.bea.wcp.ant.ext.junit.TestHandler.invoke(TestHandler.java:34)
	at $Proxy0.run(Unknown Source)
	at com.bea.wcp.ant.ext.junit.TestProxy.run(TestProxy.java:24)
	at com.bea.wcp.ant.ext.junit.TckJUnitTestRunner.run(TckJUnitTestRunner.java:272)
	at com.bea.wcp.ant.ext.junit.TckJUnitTestRunner.launch(TckJUnitTestRunner.java:647)
	at com.bea.wcp.ant.ext.junit.TckJUnitTestRunner.main(TckJUnitTestRunner.java:542)
</failure>

      </testcase>

      <testcase assertions="[SipServlet:SPEC:Proxy10] - App record-routes. Proxy callee bye test" classname="com.bea.sipservlet.tck.agents.spec.ProxyTest" name="testProxyRRCalleeBye" time="13.017">
          <failure type="junit.framework.AssertionFailedError">junit.framework.AssertionFailedError
	at com.bea.sipservlet.tck.agents.spec.ProxyTest.testProxyRRCalleeBye(ProxyTest.java:1231)
	at com.bea.wcp.ant.ext.junit.TestHandler.runTest(TestHandler.java:73)
	at com.bea.wcp.ant.ext.junit.TestHandler.run(TestHandler.java:58)
	at com.bea.wcp.ant.ext.junit.TestHandler.invoke(TestHandler.java:34)
	at $Proxy0.run(Unknown Source)
	at com.bea.wcp.ant.ext.junit.TestProxy.run(TestProxy.java:24)
	at com.bea.wcp.ant.ext.junit.TckJUnitTestRunner.run(TckJUnitTestRunner.java:272)
	at com.bea.wcp.ant.ext.junit.TckJUnitTestRunner.launch(TckJUnitTestRunner.java:647)
	at com.bea.wcp.ant.ext.junit.TckJUnitTestRunner.main(TckJUnitTestRunner.java:542)
</failure>

      </testcase>

      <testcase assertions="[SipServlet:SPEC:Proxy11] - Tests ability of applications to push state to endpoints" classname="com.bea.sipservlet.tck.agents.spec.ProxyTest" name="testProxyPushState" time="8.014">
          <failure message="Don&apos;t receive INVITE" type="junit.framework.AssertionFailedError">junit.framework.AssertionFailedError: Don&apos;t receive INVITE
	at com.bea.sipservlet.tck.agents.spec.ProxyTest.testProxyPushState(ProxyTest.java:1326)
	at com.bea.wcp.ant.ext.junit.TestHandler.runTest(TestHandler.java:73)
	at com.bea.wcp.ant.ext.junit.TestHandler.run(TestHandler.java:58)
	at com.bea.wcp.ant.ext.junit.TestHandler.invoke(TestHandler.java:34)
	at $Proxy0.run(Unknown Source)
	at com.bea.wcp.ant.ext.junit.TestProxy.run(TestProxy.java:24)
	at com.bea.wcp.ant.ext.junit.TckJUnitTestRunner.run(TckJUnitTestRunner.java:272)
	at com.bea.wcp.ant.ext.junit.TckJUnitTestRunner.launch(TckJUnitTestRunner.java:647)
	at com.bea.wcp.ant.ext.junit.TckJUnitTestRunner.main(TckJUnitTestRunner.java:542)
</failure>

      </testcase>

      <testcase assertions="[SipServlet:SPEC:Proxy12] - Tests behavior of proxy when the supervised flag is set to false" classname="com.bea.sipservlet.tck.agents.spec.ProxyTest" name="testProxySupervisedOff" time="8.013">
          <failure message="Don&apos;t receive INVITE" type="junit.framework.AssertionFailedError">junit.framework.AssertionFailedError: Don&apos;t receive INVITE
	at com.bea.sipservlet.tck.agents.spec.ProxyTest.testProxySupervisedOff(ProxyTest.java:1422)
	at com.bea.wcp.ant.ext.junit.TestHandler.runTest(TestHandler.java:73)
[...]
Max-Forwards: 5
Content-Length: 0

 ===
[2013-01-13 19:13:38,340] RulesTest:1008 INFO  - === testRule3() ===
[2013-01-13 19:13:38,341] TestBase:351 DEBUG - === created message:MESSAGE sip:JSR289_TCK@localhost:5060 SIP/2.0
Call-ID: 92cfa3d3004ae8a0bf3d2cea6d8be5e8@192.168.1.65
CSeq: 1 MESSAGE
From: "Alice" <sip:alice@192.168.1.65:5071>;tag=861248288
To: "JSR289_TCK" <sip:JSR289_TCK@localhost:5060>
Via: SIP/2.0/UDP 192.168.1.65:5071;branch=somebranchvalue
Max-Forwards: 5
Content-Length: 0

 ===
]]></system-out>

      <system-err><![CDATA[]]></system-err>

  </testsuite>
  <testsuite errors="0" failures="3" id="15" name="SessionLifetimeTest" package="com.bea.sipservlet.tck.agents.spec" tests="3" time="34.603">
      <properties>
[...]
</properties>

      <testcase assertions="[SipServlet:SPEC:SessionLifetime2] -  Tests the ability of SIP Server to perform the InvalidateWhenReady mechanism for sipsession working in UAC mode" classname="com.bea.sipservlet.tck.agents.spec.SessionLifetimeTest" name="testUacSessionLifetime" time="13.4">
          <failure type="junit.framework.AssertionFailedError">junit.framework.AssertionFailedError
	at com.bea.sipservlet.tck.agents.TestBase.waitIncomingResponse(TestBase.java:493)
	at com.bea.sipservlet.tck.agents.TestBase.waitResponseForMessage(TestBase.java:995)
	at com.bea.sipservlet.tck.agents.TestBase.assertSipMessage(TestBase.java:671)
	at com.bea.sipservlet.tck.agents.spec.SessionLifetimeTest.testUacSessionLifetime(SessionLifetimeTest.java:225)
	at com.bea.wcp.ant.ext.junit.TestHandler.runTest(TestHandler.java:73)
	at com.bea.wcp.ant.ext.junit.TestHandler.run(TestHandler.java:58)
	at com.bea.wcp.ant.ext.junit.TestHandler.invoke(TestHandler.java:34)
	at $Proxy0.run(Unknown Source)
	at com.bea.wcp.ant.ext.junit.TestProxy.run(TestProxy.java:24)
	at com.bea.wcp.ant.ext.junit.TckJUnitTestRunner.run(TckJUnitTestRunner.java:272)
	at com.bea.wcp.ant.ext.junit.TckJUnitTestRunner.launch(TckJUnitTestRunner.java:647)
	at com.bea.wcp.ant.ext.junit.TckJUnitTestRunner.main(TckJUnitTestRunner.java:542)
</failure>

      </testcase>

      <testcase assertions="[SipServlet:SPEC:SessionLifetime3] -  Tests the ability of SIP Server to perform the InvalidateWhenReady mechanism for sipsession working in UAS mode" classname="com.bea.sipservlet.tck.agents.spec.SessionLifetimeTest" name="testUasSessionLifetime" time="13.021">
          <failure message="UA1 wait for 200/INVITE - Timeout Occurred: The maximum amount of time to wait for a response message has elapsed." type="junit.framework.AssertionFailedError">junit.framework.AssertionFailedError: UA1 wait for 200/INVITE - Timeout Occurred: The maximum amount of time to wait for a response message has elapsed.
	at org.cafesip.sipunit.SipTestCase.assertLastOperationSuccess(SipTestCase.java:241)
	at com.bea.sipservlet.tck.agents.spec.SessionLifetimeTest.testUasSessionLifetime(SessionLifetimeTest.java:336)
	at com.bea.wcp.ant.ext.junit.TestHandler.runTest(TestHandler.java:73)
	at com.bea.wcp.ant.ext.junit.TestHandler.run(TestHandler.java:58)
	at com.bea.wcp.ant.ext.junit.TestHandler.invoke(TestHandler.java:34)
	at $Proxy0.run(Unknown Source)
	at com.bea.wcp.ant.ext.junit.TestProxy.run(TestProxy.java:24)
	at com.bea.wcp.ant.ext.junit.TckJUnitTestRunner.run(TckJUnitTestRunner.java:272)
	at com.bea.wcp.ant.ext.junit.TckJUnitTestRunner.launch(TckJUnitTestRunner.java:647)
	at com.bea.wcp.ant.ext.junit.TckJUnitTestRunner.main(TckJUnitTestRunner.java:542)
</failure>

      </testcase>

      <testcase assertions="[SipServlet:SPEC:SessionLifetime1] -  Tests the ability of SIP Server to perform the InvalidateWhenReady mechanism under proxy" classname="com.bea.sipservlet.tck.agents.spec.SessionLifetimeTest" name="testProxySessionLifetime" time="8.015">
          <failure message="Don&apos;t receive INVITE" type="junit.framework.AssertionFailedError">junit.framework.AssertionFailedError: Don&apos;t receive INVITE
	at com.bea.sipservlet.tck.agents.spec.SessionLifetimeTest.testProxySessionLifetime(SessionLifetimeTest.java:102)
	at com.bea.wcp.ant.ext.junit.TestHandler.runTest(TestHandler.java:73)
	at com.bea.wcp.ant.ext.junit.TestHandler.run(TestHandler.java:58)
	at com.bea.wcp.ant.ext.junit.TestHandler.invoke(TestHandler.java:34)
	at $Proxy0.run(Unknown Source)
	at com.bea.wcp.ant.ext.junit.TestProxy.run(TestProxy.java:24)
	at com.bea.wcp.ant.ext.junit.TckJUnitTestRunner.run(TckJUnitTestRunner.java:272)
	at com.bea.wcp.ant.ext.junit.TckJUnitTestRunner.launch(TckJUnitTestRunner.java:647)
	at com.bea.wcp.ant.ext.junit.TckJUnitTestRunner.main(TckJUnitTestRunner.java:542)
</failure>

      </testcase>

      <system-out><![CDATA[[2013-01-13 19:13:54,445] SessionLifetimeTest:1008 INFO  - === testUacSessionLifetime() ===
[2013-01-13 19:13:54,522] SessionLifetimeTest:1008 INFO  - === testUacSessionLifetime() ===
[2013-01-13 19:13:54,569] TestBase:351 DEBUG - === created message:MESSAGE sip:JSR289_TCK@localhost:5060 SIP/2.0
Call-ID: 631d3369a2b6df1c00b69503ec00db75@192.168.1.65
CSeq: 1 MESSAGE
From: "Alice" <sip:alice@192.168.1.65:5071>;tag=1359656504
To: "JSR289_TCK" <sip:JSR289_TCK@localhost:5060>
Via: SIP/2.0/UDP 192.168.1.65:5071;branch=somebranchvalue
Max-Forwards: 5
Content-Length: 0

 ===
[2013-01-13 19:13:54,613] TestBase:979 DEBUG - ---The Sip request is:MESSAGE sip:JSR289_TCK@localhost:5060 SIP/2.0
Call-ID: 631d3369a2b6df1c00b69503ec00db75@192.168.1.65
CSeq: 1 MESSAGE
From: "Alice" <sip:alice@192.168.1.65:5071>;tag=1359656504
To: "JSR289_TCK" <sip:JSR289_TCK@localhost:5060>
Via: SIP/2.0/UDP 192.168.1.65:5071;branch=z9hG4bKa1546525e0617b7f2753f881fe56dc08
Max-Forwards: 5
Route: "JSR289_TCK" <sip:JSR289_TCK@localhost:5060;lr>,<sip:localhost:5060;transport=udp;lr>
Application-Name: com.bea.sipservlet.tck.apps.spectestapp.uac
Servlet-Name: SessionLifetimeUac
TCK-UA2-Dest: sip:bob@192.168.1.65:5072
Content-Length: 0

 ---
[2013-01-13 19:14:07,631] SessionLifetimeTest:1008 INFO  - === testUasSessionLifetime() ===
SIPUNIT TRACE:  1358104447646  INVITE after sending out through stack..........
SIPUNIT TRACE:  1358104447646  INVITE sip:JSR289_TCK@localhost:5060 SIP/2.0
Call-ID: 3ce7695ebd0e0e93a7f843f13e08da3c@192.168.1.65
CSeq: 1 INVITE
From: <sip:alice@192.168.1.65>;tag=1416841743
To: <sip:JSR289_TCK@localhost:5060>
Via: SIP/2.0/UDP 192.168.1.65:5071;branch=z9hG4bK307bcdcef77084e7501e5f41167bfcea
Max-Forwards: 70
Contact: <sip:alice@192.168.1.65:5071;transport=udp;lr>
Route: <sip:localhost:5060;lr;transport=udp>
Servlet-Name: SessionLifetimeUas
Application-Name: com.bea.sipservlet.tck.apps.spectestapp.uas
Content-Length: 0


SIPUNIT TRACE:  1358104447646  RouteHeader address: <sip:localhost:5060;lr;transport=udp>
[2013-01-13 19:14:20,654] SessionLifetimeTest:1008 INFO  - === testProxySessionLifetime() ===
SIPUNIT TRACE:  1358104460660  INVITE after sending out through stack..........
SIPUNIT TRACE:  1358104460660  INVITE sip:JSR289_TCK@localhost:5060 SIP/2.0
Call-ID: 5551c85efba84e4bfc173b1570b713cd@192.168.1.65
CSeq: 1 INVITE
From: <sip:alice@192.168.1.65>;tag=1396647830
To: <sip:JSR289_TCK@localhost:5060>
Via: SIP/2.0/UDP 192.168.1.65:5071;branch=z9hG4bK64f24b70bb1941c1c47a402143ef18f3
Max-Forwards: 70
Contact: <sip:alice@192.168.1.65:5071;transport=udp;lr>
Route: <sip:localhost:5060;transport=udp;lr>
Servlet-Name: SessionLifetimeProxy
Application-Name: com.bea.sipservlet.tck.apps.spectestapp.proxy
TCK-Proxy-Dest: sip:bob@192.168.1.65:5072
Content-Length: 0


SIPUNIT TRACE:  1358104460660  RouteHeader address: <sip:localhost:5060;transport=udp;lr>
SIPUNIT TRACE:  1358104460660  SS.waitRequest() - about to block, waiting
SIPUNIT TRACE:  1358104465658  SS.waitRequest() - we've come out of the block
SIPUNIT TRACE:  1358104465659  SS.waitRequest() - either we got the request, or timed out
]]></system-out>

      <system-err><![CDATA[]]></system-err>

  </testsuite>
  <testsuite errors="2" failures="0" id="16" name="SipApplicationKeyTest" package="com.bea.sipservlet.tck.agents.spec" tests="2" time="7.62">
      <properties>
[...]
</properties>

      <testcase assertions="[SipServlet:SPEC:SipApplicationSessionKey2] - Verify same application with same key target to the same app session; and same application with null key target to different app sessions." classname="com.bea.sipservlet.tck.agents.spec.SipApplicationKeyTest" name="testGetApplicationSessionKey2" time="3.934">
          <error type="java.lang.NullPointerException">java.lang.NullPointerException
	at com.bea.sipservlet.tck.agents.spec.SipApplicationKeyTest.waitInvite200(SipApplicationKeyTest.java:155)
	at com.bea.sipservlet.tck.agents.spec.SipApplicationKeyTest.testGetApplicationSessionKey2(SipApplicationKeyTest.java:136)
	at com.bea.wcp.ant.ext.junit.TestHandler.runTest(TestHandler.java:73)
	at com.bea.wcp.ant.ext.junit.TestHandler.run(TestHandler.java:58)
	at com.bea.wcp.ant.ext.junit.TestHandler.invoke(TestHandler.java:34)
	at $Proxy0.run(Unknown Source)
	at com.bea.wcp.ant.ext.junit.TestProxy.run(TestProxy.java:24)
	at com.bea.wcp.ant.ext.junit.TckJUnitTestRunner.run(TckJUnitTestRunner.java:272)
	at com.bea.wcp.ant.ext.junit.TckJUnitTestRunner.launch(TckJUnitTestRunner.java:647)
	at com.bea.wcp.ant.ext.junit.TckJUnitTestRunner.main(TckJUnitTestRunner.java:542)
</error>

      </testcase>

      <testcase assertions="[SipServlet:SPEC:SipApplicationSessionKey1] - verify same application and same key target to the same app session; same application and different key target to different app sessions; different application and same key target to different app sessions." classname="com.bea.sipservlet.tck.agents.spec.SipApplicationKeyTest" name="testGetApplicationSessionKey1" time="3.518">
          <error type="java.lang.NullPointerException">java.lang.NullPointerException
	at com.bea.sipservlet.tck.agents.spec.SipApplicationKeyTest.testGetApplicationSessionKey1(SipApplicationKeyTest.java:77)
	at com.bea.wcp.ant.ext.junit.TestHandler.runTest(TestHandler.java:73)
	at com.bea.wcp.ant.ext.junit.TestHandler.run(TestHandler.java:58)
	at com.bea.wcp.ant.ext.junit.TestHandler.invoke(TestHandler.java:34)
	at $Proxy0.run(Unknown Source)
	at com.bea.wcp.ant.ext.junit.TestProxy.run(TestProxy.java:24)
	at com.bea.wcp.ant.ext.junit.TckJUnitTestRunner.run(TckJUnitTestRunner.java:272)
	at com.bea.wcp.ant.ext.junit.TckJUnitTestRunner.launch(TckJUnitTestRunner.java:647)
	at com.bea.wcp.ant.ext.junit.TckJUnitTestRunner.main(TckJUnitTestRunner.java:542)
</error>

      </testcase>

      <system-out><![CDATA[[2013-01-13 19:14:29,763] SipApplicationKeyTest:1008 INFO  - === testGetApplicationSessionKey2() ===
[2013-01-13 19:14:29,898] TestBase:351 DEBUG - === created message:INVITE sip:bob@192.168.1.65:5072 SIP/2.0
Call-ID: 64522ebb36ebd8c2f7c9e5e28d97f00a@192.168.1.65
CSeq: 1 INVITE
From: "Alice" <sip:alice@192.168.1.65:5071>;tag=255572778
To: "Bob" <sip:bob@192.168.1.65:5072>
Via: SIP/2.0/UDP 192.168.1.65:5071;branch=somebranchvalue
Max-Forwards: 5
Content-Length: 0

 ===
[2013-01-13 19:14:33,483] SipApplicationKeyTest:1008 INFO  - === testGetApplicationSessionKey1() ===
[2013-01-13 19:14:33,484] TestBase:351 DEBUG - === created message:MESSAGE sip:bob@192.168.1.65:5072 SIP/2.0
Call-ID: ee67c6a467d8fe7d4450d830cc3a7069@192.168.1.65
CSeq: 1 MESSAGE
From: "Alice" <sip:alice@192.168.1.65:5071>;tag=321617910
To: "Bob" <sip:bob@192.168.1.65:5072>
Via: SIP/2.0/UDP 192.168.1.65:5071;branch=somebranchvalue
Max-Forwards: 5
Content-Length: 0

 ===
]]></system-out>

      <system-err><![CDATA[]]></system-err>

  </testsuite>
  <testsuite errors="0" failures="1" id="17" name="SipServletListenerTest" package="com.bea.sipservlet.tck.agents.spec" tests="1" time="13.577">
      <properties>
[...]
</properties>

      <testcase assertions="[SipServlet:SPEC:SipServletListener1] - The servletInitialized(ServletContextEvent context) callback will be invoked if SipServletListener present and the initialization of the Servlet is complete." classname="com.bea.sipservlet.tck.agents.spec.SipServletListenerTest" name="testSipServletListener" time="13.41">
          <failure type="junit.framework.AssertionFailedError">junit.framework.AssertionFailedError
	at com.bea.sipservlet.tck.agents.spec.SipServletListenerTest.testSipServletListener(SipServletListenerTest.java:70)
	at com.bea.wcp.ant.ext.junit.TestHandler.runTest(TestHandler.java:73)
	at com.bea.wcp.ant.ext.junit.TestHandler.run(TestHandler.java:58)
	at com.bea.wcp.ant.ext.junit.TestHandler.invoke(TestHandler.java:34)
	at $Proxy0.run(Unknown Source)
	at com.bea.wcp.ant.ext.junit.TestProxy.run(TestProxy.java:24)
	at com.bea.wcp.ant.ext.junit.TckJUnitTestRunner.run(TckJUnitTestRunner.java:272)
	at com.bea.wcp.ant.ext.junit.TckJUnitTestRunner.launch(TckJUnitTestRunner.java:647)
	at com.bea.wcp.ant.ext.junit.TckJUnitTestRunner.main(TckJUnitTestRunner.java:542)
</failure>

      </testcase>

      <system-out><![CDATA[[2013-01-13 19:14:38,090] SipServletListenerTest:1008 INFO  - === testSipServletListener() ===
[2013-01-13 19:14:38,228] TestBase:351 DEBUG - === created message:MESSAGE sip:JSR289_TCK@localhost:5060 SIP/2.0
Call-ID: cbc0f30d359b2ad1b6daf8187d3823c5@192.168.1.65
CSeq: 1 MESSAGE
From: "Alice" <sip:alice@192.168.1.65:5071>;tag=1049610631
To: "JSR289_TCK" <sip:JSR289_TCK@localhost:5060>
Via: SIP/2.0/UDP 192.168.1.65:5071;branch=somebranchvalue
Max-Forwards: 5
Content-Length: 0

 ===
]]></system-out>

      <system-err><![CDATA[]]></system-err>

  </testsuite>
  <testsuite errors="0" failures="3" id="18" name="UasTest" package="com.bea.sipservlet.tck.agents.spec" tests="3" time="39.577">
      <properties>
[...]
</properties>

      <testcase assertions="[SipServlet:SPEC:UasPassive1] - Non-200 final response should be received if the call flow makes an error" classname="com.bea.sipservlet.tck.agents.spec.UasTest" name="testUasPassive" time="13.379">
          <failure message="Wait response error - Timeout Occurred: The maximum amount of time to wait for a response message has elapsed." type="junit.framework.AssertionFailedError">junit.framework.AssertionFailedError: Wait response error - Timeout Occurred: The maximum amount of time to wait for a response message has elapsed.
	at org.cafesip.sipunit.SipTestCase.assertLastOperationSuccess(SipTestCase.java:241)
	at com.bea.sipservlet.tck.agents.spec.UasTest.testUasPassive(UasTest.java:62)
	at com.bea.wcp.ant.ext.junit.TestHandler.runTest(TestHandler.java:73)
	at com.bea.wcp.ant.ext.junit.TestHandler.run(TestHandler.java:58)
	at com.bea.wcp.ant.ext.junit.TestHandler.invoke(TestHandler.java:34)
	at $Proxy0.run(Unknown Source)
	at com.bea.wcp.ant.ext.junit.TestProxy.run(TestProxy.java:24)
	at com.bea.wcp.ant.ext.junit.TckJUnitTestRunner.run(TckJUnitTestRunner.java:272)
	at com.bea.wcp.ant.ext.junit.TckJUnitTestRunner.launch(TckJUnitTestRunner.java:647)
	at com.bea.wcp.ant.ext.junit.TckJUnitTestRunner.main(TckJUnitTestRunner.java:542)
</failure>

      </testcase>

      <testcase assertions="[SipServlet:SPEC:UasActive1] - Non-200 final response should be received if the call flow makes an error" classname="com.bea.sipservlet.tck.agents.spec.UasTest" name="testUasActive" time="13.015">
          <failure message="Wait response error - Timeout Occurred: The maximum amount of time to wait for a response message has elapsed." type="junit.framework.AssertionFailedError">junit.framework.AssertionFailedError: Wait response error - Timeout Occurred: The maximum amount of time to wait for a response message has elapsed.
	at org.cafesip.sipunit.SipTestCase.assertLastOperationSuccess(SipTestCase.java:241)
	at com.bea.sipservlet.tck.agents.spec.UasTest.testUasActive(UasTest.java:113)
	at com.bea.wcp.ant.ext.junit.TestHandler.runTest(TestHandler.java:73)
	at com.bea.wcp.ant.ext.junit.TestHandler.run(TestHandler.java:58)
	at com.bea.wcp.ant.ext.junit.TestHandler.invoke(TestHandler.java:34)
	at $Proxy0.run(Unknown Source)
	at com.bea.wcp.ant.ext.junit.TestProxy.run(TestProxy.java:24)
	at com.bea.wcp.ant.ext.junit.TckJUnitTestRunner.run(TckJUnitTestRunner.java:272)
	at com.bea.wcp.ant.ext.junit.TckJUnitTestRunner.launch(TckJUnitTestRunner.java:647)
	at com.bea.wcp.ant.ext.junit.TckJUnitTestRunner.main(TckJUnitTestRunner.java:542)
</failure>

      </testcase>

      <testcase assertions="[SipServlet:SPEC:UasCancel1] - Non-200 final response should be received if the call flow makes an error" classname="com.bea.sipservlet.tck.agents.spec.UasTest" name="testUasCancel" time="13.013">
          <failure message="Wait response error - Timeout Occurred: The maximum amount of time to wait for a response message has elapsed." type="junit.framework.AssertionFailedError">junit.framework.AssertionFailedError: Wait response error - Timeout Occurred: The maximum amount of time to wait for a response message has elapsed.
	at org.cafesip.sipunit.SipTestCase.assertLastOperationSuccess(SipTestCase.java:241)
	at com.bea.sipservlet.tck.agents.spec.UasTest.testUasCancel(UasTest.java:177)
	at com.bea.wcp.ant.ext.junit.TestHandler.runTest(TestHandler.java:73)
	at com.bea.wcp.ant.ext.junit.TestHandler.run(TestHandler.java:58)
	at com.bea.wcp.ant.ext.junit.TestHandler.invoke(TestHandler.java:34)
	at $Proxy0.run(Unknown Source)
	at com.bea.wcp.ant.ext.junit.TestProxy.run(TestProxy.java:24)
	at com.bea.wcp.ant.ext.junit.TckJUnitTestRunner.run(TckJUnitTestRunner.java:272)
	at com.bea.wcp.ant.ext.junit.TckJUnitTestRunner.launch(TckJUnitTestRunner.java:647)
	at com.bea.wcp.ant.ext.junit.TckJUnitTestRunner.main(TckJUnitTestRunner.java:542)
</failure>

      </testcase>

      <system-out><![CDATA[[2013-01-13 19:14:52,386] UasTest:1008 INFO  - === testUasPassive() ===
SIPUNIT TRACE:  1358104492532  INVITE after sending out through stack..........
SIPUNIT TRACE:  1358104492533  INVITE sip:JSR289_TCK@localhost:5060 SIP/2.0
Call-ID: 6b4d5b8fe6099d524711e96dc175f9d4@192.168.1.65
CSeq: 1 INVITE
From: <sip:alice@192.168.1.65>;tag=430730763
To: <sip:JSR289_TCK@localhost:5060>
Via: SIP/2.0/UDP 192.168.1.65:5071;branch=z9hG4bK6e4c90328f52ba655a3ec1ed7182f89a
Max-Forwards: 70
Contact: <sip:alice@192.168.1.65:5071;transport=udp;lr>
Route: <sip:localhost:5060;transport=udp;lr>
Servlet-Name: UasPassive
Application-Name: com.bea.sipservlet.tck.apps.spectestapp.uas
Content-Length: 0


SIPUNIT TRACE:  1358104492533  RouteHeader address: <sip:localhost:5060;transport=udp;lr>
[2013-01-13 19:15:05,548] UasTest:1008 INFO  - === testUasActive() ===
SIPUNIT TRACE:  1358104505555  INVITE after sending out through stack..........
SIPUNIT TRACE:  1358104505556  INVITE sip:JSR289_TCK@localhost:5060 SIP/2.0
Call-ID: 04acbb2e05d64c2720ea9a6002284f40@192.168.1.65
CSeq: 1 INVITE
From: <sip:alice@192.168.1.65>;tag=2062708525
To: <sip:JSR289_TCK@localhost:5060>
Via: SIP/2.0/UDP 192.168.1.65:5071;branch=z9hG4bK528e3590cf1cb7a7aaf25cbcbd21cfa3
Max-Forwards: 70
Contact: <sip:alice@192.168.1.65:5071;transport=udp;lr>
Route: <sip:localhost:5060;transport=udp;lr>
Servlet-Name: UasActive
Application-Name: com.bea.sipservlet.tck.apps.spectestapp.uas
Content-Length: 0


SIPUNIT TRACE:  1358104505556  RouteHeader address: <sip:localhost:5060;transport=udp;lr>
[2013-01-13 19:15:18,562] UasTest:1008 INFO  - === testUasCancel() ===
SIPUNIT TRACE:  1358104518568  INVITE after sending out through stack..........
SIPUNIT TRACE:  1358104518569  INVITE sip:JSR289_TCK@localhost:5060 SIP/2.0
Call-ID: 2ecdd9f158110ddab1cec9fea3a9be85@192.168.1.65
CSeq: 1 INVITE
From: <sip:alice@192.168.1.65>;tag=168648657
To: <sip:JSR289_TCK@localhost:5060>
Via: SIP/2.0/UDP 192.168.1.65:5071;branch=z9hG4bK7f0ca19c5c81ee42c26ba01481d7040d
Max-Forwards: 70
Contact: <sip:alice@192.168.1.65:5071;transport=udp;lr>
Route: <sip:localhost:5060;transport=udp;lr>
Servlet-Name: UasCancel
Application-Name: com.bea.sipservlet.tck.apps.spectestapp.uas
Content-Length: 0


SIPUNIT TRACE:  1358104518569  RouteHeader address: <sip:localhost:5060;transport=udp;lr>
]]></system-out>

      <system-err><![CDATA[]]></system-err>

  </testsuite>
</testsuites>
